#
# There is insufficient memory for the Java Runtime Environment to continue.
# Native memory allocation (malloc) failed to allocate 1041376 bytes for Chunk::new
# Possible reasons:
#   The system is out of physical RAM or swap space
#   The process is running with CompressedOops enabled, and the Java Heap may be blocking the growth of the native heap
# Possible solutions:
#   Reduce memory load on the system
#   Increase physical memory or swap space
#   Check if swap backing store is full
#   Decrease Java heap size (-Xmx/-Xms)
#   Decrease number of Java threads
#   Decrease Java thread stack sizes (-Xss)
#   Set larger code cache with -XX:ReservedCodeCacheSize=
#   JVM is running with Unscaled Compressed Oops mode in which the Java heap is
#     placed in the first 4GB address space. The Java Heap base address is the
#     maximum limit for the native heap growth. Please use -XX:HeapBaseMinAddress
#     to set the Java Heap base and to place the Java Heap above 4GB virtual address.
# This output file may be truncated or incomplete.
#
#  Out of Memory Error (arena.cpp:189), pid=6272, tid=4340
#
# JRE version: Java(TM) SE Runtime Environment (17.0.6+9) (build 17.0.6+9-LTS-190)
# Java VM: Java HotSpot(TM) 64-Bit Server VM (17.0.6+9-LTS-190, mixed mode, sharing, tiered, compressed oops, compressed class ptrs, g1 gc, windows-amd64)
# No core dump will be written. Minidumps are not enabled by default on client versions of Windows
#

---------------  S U M M A R Y ------------

Command Line: -javaagent:C:\Program Files\JetBrains\IntelliJ IDEA Community Edition 2022.3.3\lib\idea_rt.jar=49276:C:\Program Files\JetBrains\IntelliJ IDEA Community Edition 2022.3.3\bin -Dfile.encoding=UTF-8 com.example.cours.CoursApplication

Host: Intel(R) Core(TM) i5-5200U CPU @ 2.20GHz, 4 cores, 5G,  Windows 10 , 64 bit Build 19041 (10.0.19041.3155)
Time: Tue Sep 19 15:33:53 2023 Paris, Madrid (heure duild 19041 (10.0.19041.3155) elapsed time: 2611.836655 seconds (0d 0h 43m 31s)

---------------  T H R E A D  ---------------

Current thread (0x000002b2b1d84170):  JavaThread "C2 CompilerThread0" daemon [_thread_in_native, id=4340, stack(0x000000fdfd200000,0x000000fdfd300000)]


Current CompileTask:
C2:2611837 17299       4       org.springframework.security.authentication.ObservationAuthenticationManager::authenticate (58 bytes)

Stack: [0x000000fdfd200000,0x000000fdfd300000]
Native frames: (J=compiled Java code, j=interpreted, Vv=VM code, C=native code)
V  [jvm.dll+0x6734ea]
V  [jvm.dll+0x7d18f4]
V  [jvm.dll+0x7d309e]
V  [jvm.dll+0x7d3703]
V  [jvm.dll+0x2433c5]
V  [jvm.dll+0xaa46b]
V  [jvm.dll+0xaaa0c]
V  [jvm.dll+0x2a8b1f]
V  [jvm.dll+0x57bf85]
V  [jvm.dll+0x21e142]
V  [jvm.dll+0x21e51f]
V  [jvm.dll+0x217c36]
V  [jvm.dll+0x215109]
V  [jvm.dll+0x1a1730]
V  [jvm.dll+0x224b6e]
V  [jvm.dll+0x222f15]
V  [jvm.dll+0x78753c]
V  [jvm.dll+0x781a7a]
V  [jvm.dll+0x672375]
C  [ucrtbase.dll+0x21bb2]
C  [KERNEL32.DLL+0x17614]
C  [ntdll.dll+0x526b1]


---------------  P R O C E S S  ---------------

Threads class SMR info:
_java_thread_list=0x000002b2b4cf4c60, length=37, elements={
0x000002b2b1d6cb60, 0x000002b2b1d6d8e0, 0x000002b2b1d7f880, 0x000002b2b1d80340,
0x000002b2b1d80c00, 0x000002b2b1d814c0, 0x000002b2b1d84170, 0x000002b2b1ded5f0,
0x000002b2b1dedb00, 0x000002b2b1e2ea80, 0x000002b2b2e75cb0, 0x000002b2b2e76180,
0x000002b2b573c3a0, 0x000002b2b573e080, 0x000002b2b573c870, 0x000002b2b573eef0,
0x000002b2b573dbb0, 0x000002b2b573ba00, 0x000002b2b573e550, 0x000002b2b573cd40,
0x000002b2b6e1a4d0, 0x000002b2b6e20040, 0x000002b2b6e21850, 0x000002b2b6e21380,
0x000002b2b6e1f6a0, 0x000002b2b6e1a000, 0x000002b2b6e1e830, 0x000002b2b6e1a9a0,
0x000002b2b6e1f1d0, 0x000002b2b6e209e0, 0x000002b2b6e1c680, 0x000002b2b6e1de90,
0x000002b2b6e20510, 0x000002b2b6e1d9c0, 0x000002b2b6e1ae70, 0x000002b2b6e1b340,
0x000002b2b6e1bce0
}

Java Threads: ( => current thread )
  0x000002b2b1d6cb60 JavaThread "Reference Handler" daemon [_thread_blocked, id=17008, stack(0x000000fdfcc00000,0x000000fdfcd00000)]
  0x000002b2b1d6d8e0 JavaThread "Finalizer" daemon [_thread_blocked, id=4468, stack(0x000000fdfcd00000,0x000000fdfce00000)]
  0x000002b2b1d7f880 JavaThread "Signal Dispatcher" daemon [_thread_blocked, id=18684, stack(0x000000fdfce00000,0x000000fdfcf00000)]
  0x000002b2b1d80340 JavaThread "Attach Listener" daemon [_thread_blocked, id=18140, stack(0x000000fdfcf00000,0x000000fdfd000000)]
  0x000002b2b1d80c00 JavaThread "Service Thread" daemon [_thread_blocked, id=13372, stack(0x000000fdfd000000,0x000000fdfd100000)]
  0x000002b2b1d814c0 JavaThread "Monitor Deflation Thread" daemon [_thread_blocked, id=19272, stack(0x000000fdfd100000,0x000000fdfd200000)]
=>0x000002b2b1d84170 JavaThread "C2 CompilerThread0" daemon [_thread_in_native, id=4340, stack(0x000000fdfd200000,0x000000fdfd300000)]
  0x000002b2b1ded5f0 JavaThread "C1 CompilerThread0" daemon [_thread_blocked, id=6024, stack(0x000000fdfd300000,0x000000fdfd400000)]
  0x000002b2b1dedb00 JavaThread "Sweeper thread" daemon [_thread_blocked, id=6860, stack(0x000000fdfd400000,0x000000fdfd500000)]
  0x000002b2b1e2ea80 JavaThread "Common-Cleaner" daemon [_thread_blocked, id=1588, stack(0x000000fdfd500000,0x000000fdfd600000)]
  0x000002b2b2e75cb0 JavaThread "Monitor Ctrl-Break" daemon [_thread_in_native, id=7324, stack(0x000000fdfd600000,0x000000fdfd700000)]
  0x000002b2b2e76180 JavaThread "Notification Thread" daemon [_thread_blocked, id=6388, stack(0x000000fdfd700000,0x000000fdfd800000)]
  0x000002b2b573c3a0 JavaThread "Catalina-utility-1" [_thread_blocked, id=7720, stack(0x000000fdfe000000,0x000000fdfe100000)]
  0x000002b2b573e080 JavaThread "Catalina-utility-2" [_thread_blocked, id=1308, stack(0x000000fdfe100000,0x000000fdfe200000)]
  0x000002b2b573c870 JavaThread "container-0" [_thread_blocked, id=18960, stack(0x000000fdfe200000,0x000000fdfe300000)]
  0x000002b2b573eef0 JavaThread "HikariPool-1 housekeeper" daemon [_thread_blocked, id=9060, stack(0x000000fdfe300000,0x000000fdfe400000)]
  0x000002b2b573dbb0 JavaThread "spring.cloud.inetutils" daemon [_thread_blocked, id=14212, stack(0x000000fdfde00000,0x000000fdfdf00000)]
  0x000002b2b573ba00 JavaThread "AsyncResolver-bootstrap-0" daemon [_thread_blocked, id=11036, stack(0x000000fdfe500000,0x000000fdfe600000)]
  0x000002b2b573e550 JavaThread "DiscoveryClient-0" daemon [_thread_blocked, id=17084, stack(0x000000fdfe400000,0x000000fdfe500000)]
  0x000002b2b573cd40 JavaThread "DiscoveryClient-1" daemon [_thread_blocked, id=17588, stack(0x000000fdfe600000,0x000000fdfe700000)]
  0x000002b2b6e1a4d0 JavaThread "DiscoveryClient-InstanceInfoReplicator-0" daemon [_thread_blocked, id=17236, stack(0x000000fdfe700000,0x000000fdfe800000)]
  0x000002b2b6e20040 JavaThread "http-nio-8090-exec-1" daemon [_thread_blocked, id=5752, stack(0x000000fdfe800000,0x000000fdfe900000)]
  0x000002b2b6e21850 JavaThread "http-nio-8090-exec-2" daemon [_thread_blocked, id=10764, stack(0x000000fdfe900000,0x000000fdfea00000)]
  0x000002b2b6e21380 JavaThread "http-nio-8090-exec-3" daemon [_thread_blocked, id=3724, stack(0x000000fdfea00000,0x000000fdfeb00000)]
  0x000002b2b6e1f6a0 JavaThread "http-nio-8090-exec-4" daemon [_thread_blocked, id=16488, stack(0x000000fdfeb00000,0x000000fdfec00000)]
  0x000002b2b6e1a000 JavaThread "http-nio-8090-exec-5" daemon [_thread_blocked, id=15004, stack(0x000000fdfec00000,0x000000fdfed00000)]
  0x000002b2b6e1e830 JavaThread "http-nio-8090-exec-6" daemon [_thread_blocked, id=18868, stack(0x000000fdfed00000,0x000000fdfee00000)]
  0x000002b2b6e1a9a0 JavaThread "http-nio-8090-exec-7" daemon [_thread_blocked, id=17472, stack(0x000000fdfee00000,0x000000fdfef00000)]
  0x000002b2b6e1f1d0 JavaThread "http-nio-8090-exec-8" daemon [_thread_blocked, id=15860, stack(0x000000fdfef00000,0x000000fdff000000)]
  0x000002b2b6e209e0 JavaThread "http-nio-8090-exec-9" daemon [_thread_blocked, id=16772, stack(0x000000fdff000000,0x000000fdff100000)]
  0x000002b2b6e1c680 JavaThread "http-nio-8090-exec-10" daemon [_thread_blocked, id=7164, stack(0x000000fdff100000,0x000000fdff200000)]
  0x000002b2b6e1de90 JavaThread "http-nio-8090-Poller" daemon [_thread_in_native, id=14276, stack(0x000000fdff200000,0x000000fdff300000)]
  0x000002b2b6e20510 JavaThread "http-nio-8090-Acceptor" daemon [_thread_in_native, id=6376, stack(0x000000fdff300000,0x000000fdff400000)]
  0x000002b2b6e1d9c0 JavaThread "DestroyJavaVM" [_thread_blocked, id=18084, stack(0x000000fdfc500000,0x000000fdfc600000)]
  0x000002b2b6e1ae70 JavaThread "DiscoveryClient-CacheRefreshExecutor-0" daemon [_thread_blocked, id=12208, stack(0x000000fdff600000,0x000000fdff700000)]
  0x000002b2b6e1b340 JavaThread "DiscoveryClient-HeartbeatExecutor-0" daemon [_thread_blocked, id=18336, stack(0x000000fdff700000,0x000000fdff800000)]
  0x000002b2b6e1bce0 JavaThread "AsyncResolver-bootstrap-executor-0" daemon [_thread_blocked, id=13700, stack(0x000000fdfc400000,0x000000fdfc500000)]

Other Threads:
  0x000002b2b1d64940 VMThread "VM Thread" [stack: 0x000000fdfcb00000,0x000000fdfcc00000] [id=15160]
  0x000002b2b2e036c0 WatcherThread [stack: 0x000000fdfd800000,0x000000fdfd900000] [id=9900]
  0x000002b295865fe0 GCTaskThread "GC Thread#0" [stack: 0x000000fdfc600000,0x000000fdfc700000] [id=944]
  0x000002b2b2f9fa00 GCTaskThread "GC Thread#1" [stack: 0x000000fdfda00000,0x000000fdfdb00000] [id=2520]
  0x000002b2b3187a00 GCTaskThread "GC Thread#2" [stack: 0x000000fdfdb00000,0x000000fdfdc00000] [id=4316]
  0x000002b2b3187cb0 GCTaskThread "GC Thread#3" [stack: 0x000000fdfdc00000,0x000000fdfdd00000] [id=3980]
  0x000002b29378ced0 ConcurrentGCThread "G1 Main Marker" [stack: 0x000000fdfc700000,0x000000fdfc800000] [id=1176]
  0x000002b29378d7f0 ConcurrentGCThread "G1 Conc#0" [stack: 0x000000fdfc800000,0x000000fdfc900000] [id=4808]
  0x000002b2958d24d0 ConcurrentGCThread "G1 Refine#0" [stack: 0x000000fdfc900000,0x000000fdfca00000] [id=12352]
  0x000002b2b6eb2010 ConcurrentGCThread "G1 Refine#1" [stack: 0x000000fdfdf00000,0x000000fdfe000000] [id=9876]
  0x000002b2958d2e00 ConcurrentGCThread "G1 Service" [stack: 0x000000fdfca00000,0x000000fdfcb00000] [id=13352]

Threads with active compile tasks:
C2 CompilerThread0  2611926 17299       4       org.springframework.security.authentication.ObservationAuthenticationManager::authenticate (58 bytes)

VM state: not at safepoint (normal execution)

VM Mutex/Monitor currently owned by a thread: None

Heap address: 0x00000000a1600000, size: 1514 MB, Compressed Oops mode: 32-bit

CDS archive(s) mapped at: [0x0000000800000000-0x0000000800bd0000-0x0000000800bd0000), size 12386304, SharedBaseAddress: 0x0000000800000000, ArchiveRelocationMode: 0.
Compressed class space mapped at: 0x0000000800c00000-0x0000000840c00000, reserved size: 1073741824
Narrow klass base: 0x0000000800000000, Narrow klass shift: 0, Narrow klass range: 0x100000000

GC Precious Log:
 CPUs: 4 total, 4 available
 Memory: 6053M
 Large Page Support: Disabled
 NUMA Support: Disabled
 Compressed Oops: Enabled (32-bit)
 Heap Region Size: 1M
 Heap Min Capacity: 8M
 Heap Initial Capacity: 96M
 Heap Max Capacity: 1514M
 Pre-touch: Disabled
 Parallel Workers: 4
 Concurrent Workers: 1
 Concurrent Refinement Workers: 4
 Periodic GC: Disabled

Heap:
 garbage-first heap   total 121856K, used 70275K [0x00000000a1600000, 0x0000000100000000)
  region size 1024K, 23 young (23552K), 1 survivors (1024K)
 Metaspace       used 90539K, committed 91200K, reserved 1130496K
  class space    used 11996K, committed 12352K, reserved 1048576K

Heap Regions: E=young(eden), S=young(survivor), O=old, HS=humongous(starts), HC=humongous(continues), CS=collection set, F=free, OA=open archive, CA=closed archive, TAMS=top-at-mark-start (previous, next)
|   0|0x00000000a1600000, 0x00000000a1700000, 0x00000000a1700000|100%|HS|  |TAMS 0x00000000a1700000, 0x00000000a1600000| Complete 
|   1|0x00000000a1700000, 0x00000000a1800000, 0x00000000a1800000|100%| O|  |TAMS 0x00000000a1800000, 0x00000000a1700000| Untracked 
|   2|0x00000000a1800000, 0x00000000a1900000, 0x00000000a1900000|100%| O|  |TAMS 0x00000000a1900000, 0x00000000a1800000| Untracked 
|   3|0x00000000a1900000, 0x00000000a1a00000, 0x00000000a1a00000|100%| O|  |TAMS 0x00000000a1968e00, 0x00000000a1900000| Untracked 
|   4|0x00000000a1a00000, 0x00000000a1b00000, 0x00000000a1b00000|100%| O|  |TAMS 0x00000000a1b00000, 0x00000000a1a00000| Untracked 
|   5|0x00000000a1b00000, 0x00000000a1c00000, 0x00000000a1c00000|100%| O|  |TAMS 0x00000000a1c00000, 0x00000000a1b00000| Untracked 
|   6|0x00000000a1c00000, 0x00000000a1d00000, 0x00000000a1d00000|100%| O|  |TAMS 0x00000000a1d00000, 0x00000000a1c00000| Untracked 
|   7|0x00000000a1d00000, 0x00000000a1e00000, 0x00000000a1e00000|100%| O|  |TAMS 0x00000000a1e00000, 0x00000000a1d00000| Untracked 
|   8|0x00000000a1e00000, 0x00000000a1f00000, 0x00000000a1f00000|100%| O|  |TAMS 0x00000000a1f00000, 0x00000000a1e00000| Untracked 
|   9|0x00000000a1f00000, 0x00000000a2000000, 0x00000000a2000000|100%| O|  |TAMS 0x00000000a2000000, 0x00000000a1f00000| Untracked 
|  10|0x00000000a2000000, 0x00000000a2100000, 0x00000000a2100000|100%| O|  |TAMS 0x00000000a2100000, 0x00000000a2000000| Untracked 
|  11|0x00000000a2100000, 0x00000000a2200000, 0x00000000a2200000|100%| O|  |TAMS 0x00000000a2200000, 0x00000000a2100000| Untracked 
|  12|0x00000000a2200000, 0x00000000a2300000, 0x00000000a2300000|100%| O|  |TAMS 0x00000000a2200000, 0x00000000a2200000| Untracked 
|  13|0x00000000a2300000, 0x00000000a2300000, 0x00000000a2400000|  0%| F|  |TAMS 0x00000000a2300000, 0x00000000a2300000| Untracked 
|  14|0x00000000a2400000, 0x00000000a2500000, 0x00000000a2500000|100%| O|  |TAMS 0x00000000a2500000, 0x00000000a2400000| Untracked 
|  15|0x00000000a2500000, 0x00000000a2600000, 0x00000000a2600000|100%| O|  |TAMS 0x00000000a2600000, 0x00000000a2500000| Untracked 
|  16|0x00000000a2600000, 0x00000000a2700000, 0x00000000a2700000|100%| O|  |TAMS 0x00000000a2700000, 0x00000000a2600000| Untracked 
|  17|0x00000000a2700000, 0x00000000a2800000, 0x00000000a2800000|100%| O|  |TAMS 0x00000000a2800000, 0x00000000a2700000| Untracked 
|  18|0x00000000a2800000, 0x00000000a2900000, 0x00000000a2900000|100%| O|  |TAMS 0x00000000a2800000, 0x00000000a2800000| Untracked 
|  19|0x00000000a2900000, 0x00000000a29a2c00, 0x00000000a2a00000| 63%| O|  |TAMS 0x00000000a2900000, 0x00000000a2900000| Untracked 
|  20|0x00000000a2a00000, 0x00000000a2a00000, 0x00000000a2b00000|  0%| F|  |TAMS 0x00000000a2a00000, 0x00000000a2a00000| Untracked 
|  21|0x00000000a2b00000, 0x00000000a2c00000, 0x00000000a2c00000|100%| O|  |TAMS 0x00000000a2c00000, 0x00000000a2b00000| Untracked 
|  22|0x00000000a2c00000, 0x00000000a2d00000, 0x00000000a2d00000|100%| O|  |TAMS 0x00000000a2d00000, 0x00000000a2c00000| Untracked 
|  23|0x00000000a2d00000, 0x00000000a2e00000, 0x00000000a2e00000|100%| O|  |TAMS 0x00000000a2e00000, 0x00000000a2d00000| Untracked 
|  24|0x00000000a2e00000, 0x00000000a2f00000, 0x00000000a2f00000|100%| O|  |TAMS 0x00000000a2f00000, 0x00000000a2e00000| Untracked 
|  25|0x00000000a2f00000, 0x00000000a2f00000, 0x00000000a3000000|  0%| F|  |TAMS 0x00000000a2f00000, 0x00000000a2f00000| Untracked 
|  26|0x00000000a3000000, 0x00000000a3000000, 0x00000000a3100000|  0%| F|  |TAMS 0x00000000a3000000, 0x00000000a3000000| Untracked 
|  27|0x00000000a3100000, 0x00000000a3200000, 0x00000000a3200000|100%| O|  |TAMS 0x00000000a3200000, 0x00000000a3100000| Untracked 
|  28|0x00000000a3200000, 0x00000000a3300000, 0x00000000a3300000|100%| O|  |TAMS 0x00000000a3300000, 0x00000000a3200000| Untracked 
|  29|0x00000000a3300000, 0x00000000a3400000, 0x00000000a3400000|100%| O|  |TAMS 0x00000000a3400000, 0x00000000a3300000| Untracked 
|  30|0x00000000a3400000, 0x00000000a3500000, 0x00000000a3500000|100%| O|  |TAMS 0x00000000a3500000, 0x00000000a3400000| Untracked 
|  31|0x00000000a3500000, 0x00000000a3600000, 0x00000000a3600000|100%| O|  |TAMS 0x00000000a3600000, 0x00000000a3500000| Untracked 
|  32|0x00000000a3600000, 0x00000000a3700000, 0x00000000a3700000|100%| O|  |TAMS 0x00000000a3700000, 0x00000000a3600000| Untracked 
|  33|0x00000000a3700000, 0x00000000a3800000, 0x00000000a3800000|100%| O|  |TAMS 0x00000000a3800000, 0x00000000a3700000| Untracked 
|  34|0x00000000a3800000, 0x00000000a3900000, 0x00000000a3900000|100%| O|  |TAMS 0x00000000a3900000, 0x00000000a3800000| Untracked 
|  35|0x00000000a3900000, 0x00000000a3a00000, 0x00000000a3a00000|100%| O|  |TAMS 0x00000000a3a00000, 0x00000000a3900000| Untracked 
|  36|0x00000000a3a00000, 0x00000000a3b00000, 0x00000000a3b00000|100%| O|  |TAMS 0x00000000a3b00000, 0x00000000a3a00000| Untracked 
|  37|0x00000000a3b00000, 0x00000000a3c00000, 0x00000000a3c00000|100%| O|  |TAMS 0x00000000a3c00000, 0x00000000a3b00000| Untracked 
|  38|0x00000000a3c00000, 0x00000000a3d00000, 0x00000000a3d00000|100%| O|  |TAMS 0x00000000a3d00000, 0x00000000a3c00000| Untracked 
|  39|0x00000000a3d00000, 0x00000000a3e00000, 0x00000000a3e00000|100%| O|  |TAMS 0x00000000a3e00000, 0x00000000a3d00000| Untracked 
|  40|0x00000000a3e00000, 0x00000000a3f00000, 0x00000000a3f00000|100%| O|  |TAMS 0x00000000a3f00000, 0x00000000a3e00000| Untracked 
|  41|0x00000000a3f00000, 0x00000000a4000000, 0x00000000a4000000|100%| O|  |TAMS 0x00000000a4000000, 0x00000000a3f00000| Untracked 
|  42|0x00000000a4000000, 0x00000000a4100000, 0x00000000a4100000|100%| O|  |TAMS 0x00000000a4100000, 0x00000000a4000000| Untracked 
|  43|0x00000000a4100000, 0x00000000a4200000, 0x00000000a4200000|100%| O|  |TAMS 0x00000000a4200000, 0x00000000a4100000| Untracked 
|  44|0x00000000a4200000, 0x00000000a4200000, 0x00000000a4300000|  0%| F|  |TAMS 0x00000000a4200000, 0x00000000a4200000| Untracked 
|  45|0x00000000a4300000, 0x00000000a4400000, 0x00000000a4400000|100%| O|  |TAMS 0x00000000a4400000, 0x00000000a4300000| Untracked 
|  46|0x00000000a4400000, 0x00000000a4500000, 0x00000000a4500000|100%| O|  |TAMS 0x00000000a4500000, 0x00000000a4400000| Untracked 
|  47|0x00000000a4500000, 0x00000000a4600000, 0x00000000a4600000|100%| O|  |TAMS 0x00000000a4600000, 0x00000000a4500000| Untracked 
|  48|0x00000000a4600000, 0x00000000a4600000, 0x00000000a4700000|  0%| F|  |TAMS 0x00000000a4600000, 0x00000000a4600000| Untracked 
|  49|0x00000000a4700000, 0x00000000a4700000, 0x00000000a4800000|  0%| F|  |TAMS 0x00000000a4700000, 0x00000000a4700000| Untracked 
|  50|0x00000000a4800000, 0x00000000a4900000, 0x00000000a4900000|100%| O|  |TAMS 0x00000000a4900000, 0x00000000a4800000| Untracked 
|  51|0x00000000a4900000, 0x00000000a4a00000, 0x00000000a4a00000|100%| O|  |TAMS 0x00000000a4a00000, 0x00000000a4900000| Untracked 
|  52|0x00000000a4a00000, 0x00000000a4b00000, 0x00000000a4b00000|100%| O|  |TAMS 0x00000000a4b00000, 0x00000000a4a00000| Untracked 
|  53|0x00000000a4b00000, 0x00000000a4c00000, 0x00000000a4c00000|100%| O|  |TAMS 0x00000000a4c00000, 0x00000000a4b00000| Untracked 
|  54|0x00000000a4c00000, 0x00000000a4c00000, 0x00000000a4d00000|  0%| F|  |TAMS 0x00000000a4c00000, 0x00000000a4c00000| Untracked 
|  55|0x00000000a4d00000, 0x00000000a4d00000, 0x00000000a4e00000|  0%| F|  |TAMS 0x00000000a4d00000, 0x00000000a4d00000| Untracked 
|  56|0x00000000a4e00000, 0x00000000a4e00000, 0x00000000a4f00000|  0%| F|  |TAMS 0x00000000a4e00000, 0x00000000a4e00000| Untracked 
|  57|0x00000000a4f00000, 0x00000000a4f00000, 0x00000000a5000000|  0%| F|  |TAMS 0x00000000a4f00000, 0x00000000a4f00000| Untracked 
|  58|0x00000000a5000000, 0x00000000a5000000, 0x00000000a5100000|  0%| F|  |TAMS 0x00000000a5000000, 0x00000000a5000000| Untracked 
|  59|0x00000000a5100000, 0x00000000a51fe0a8, 0x00000000a5200000| 99%| S|CS|TAMS 0x00000000a5100000, 0x00000000a5100000| Complete 
|  60|0x00000000a5200000, 0x00000000a5200000, 0x00000000a5300000|  0%| F|  |TAMS 0x00000000a5200000, 0x00000000a5200000| Untracked 
|  61|0x00000000a5300000, 0x00000000a5300000, 0x00000000a5400000|  0%| F|  |TAMS 0x00000000a5300000, 0x00000000a5300000| Untracked 
|  62|0x00000000a5400000, 0x00000000a5400000, 0x00000000a5500000|  0%| F|  |TAMS 0x00000000a5400000, 0x00000000a5400000| Untracked 
|  63|0x00000000a5500000, 0x00000000a5500000, 0x00000000a5600000|  0%| F|  |TAMS 0x00000000a5500000, 0x00000000a5500000| Untracked 
|  64|0x00000000a5600000, 0x00000000a5600000, 0x00000000a5700000|  0%| F|  |TAMS 0x00000000a5600000, 0x00000000a5600000| Untracked 
|  65|0x00000000a5700000, 0x00000000a5700000, 0x00000000a5800000|  0%| F|  |TAMS 0x00000000a5700000, 0x00000000a5700000| Untracked 
|  66|0x00000000a5800000, 0x00000000a5800000, 0x00000000a5900000|  0%| F|  |TAMS 0x00000000a5800000, 0x00000000a5800000| Untracked 
|  67|0x00000000a5900000, 0x00000000a5900000, 0x00000000a5a00000|  0%| F|  |TAMS 0x00000000a5900000, 0x00000000a5900000| Untracked 
|  68|0x00000000a5a00000, 0x00000000a5a00000, 0x00000000a5b00000|  0%| F|  |TAMS 0x00000000a5a00000, 0x00000000a5a00000| Untracked 
|  69|0x00000000a5b00000, 0x00000000a5b00000, 0x00000000a5c00000|  0%| F|  |TAMS 0x00000000a5b00000, 0x00000000a5b00000| Untracked 
|  70|0x00000000a5c00000, 0x00000000a5c00000, 0x00000000a5d00000|  0%| F|  |TAMS 0x00000000a5c00000, 0x00000000a5c00000| Untracked 
|  71|0x00000000a5d00000, 0x00000000a5d00000, 0x00000000a5e00000|  0%| F|  |TAMS 0x00000000a5d00000, 0x00000000a5d00000| Untracked 
|  72|0x00000000a5e00000, 0x00000000a5e00000, 0x00000000a5f00000|  0%| F|  |TAMS 0x00000000a5e00000, 0x00000000a5e00000| Untracked 
|  73|0x00000000a5f00000, 0x00000000a5f00000, 0x00000000a6000000|  0%| F|  |TAMS 0x00000000a5f00000, 0x00000000a5f00000| Untracked 
|  74|0x00000000a6000000, 0x00000000a6000000, 0x00000000a6100000|  0%| F|  |TAMS 0x00000000a6000000, 0x00000000a6000000| Untracked 
|  75|0x00000000a6100000, 0x00000000a6100000, 0x00000000a6200000|  0%| F|  |TAMS 0x00000000a6100000, 0x00000000a6100000| Untracked 
|  76|0x00000000a6200000, 0x00000000a6200000, 0x00000000a6300000|  0%| F|  |TAMS 0x00000000a6200000, 0x00000000a6200000| Untracked 
|  77|0x00000000a6300000, 0x00000000a6300000, 0x00000000a6400000|  0%| F|  |TAMS 0x00000000a6300000, 0x00000000a6300000| Untracked 
|  78|0x00000000a6400000, 0x00000000a6400000, 0x00000000a6500000|  0%| F|  |TAMS 0x00000000a6400000, 0x00000000a6400000| Untracked 
|  79|0x00000000a6500000, 0x00000000a6500000, 0x00000000a6600000|  0%| F|  |TAMS 0x00000000a6500000, 0x00000000a6500000| Untracked 
|  80|0x00000000a6600000, 0x00000000a6600000, 0x00000000a6700000|  0%| F|  |TAMS 0x00000000a6600000, 0x00000000a6600000| Untracked 
|  81|0x00000000a6700000, 0x00000000a6700000, 0x00000000a6800000|  0%| F|  |TAMS 0x00000000a6700000, 0x00000000a6700000| Untracked 
|  82|0x00000000a6800000, 0x00000000a6800000, 0x00000000a6900000|  0%| F|  |TAMS 0x00000000a6800000, 0x00000000a6800000| Untracked 
|  83|0x00000000a6900000, 0x00000000a6900000, 0x00000000a6a00000|  0%| F|  |TAMS 0x00000000a6900000, 0x00000000a6900000| Untracked 
|  84|0x00000000a6a00000, 0x00000000a6a00000, 0x00000000a6b00000|  0%| F|  |TAMS 0x00000000a6a00000, 0x00000000a6a00000| Untracked 
|  85|0x00000000a6b00000, 0x00000000a6b00000, 0x00000000a6c00000|  0%| F|  |TAMS 0x00000000a6b00000, 0x00000000a6b00000| Untracked 
|  86|0x00000000a6c00000, 0x00000000a6c00000, 0x00000000a6d00000|  0%| F|  |TAMS 0x00000000a6c00000, 0x00000000a6c00000| Untracked 
|  87|0x00000000a6d00000, 0x00000000a6d00000, 0x00000000a6e00000|  0%| F|  |TAMS 0x00000000a6d00000, 0x00000000a6d00000| Untracked 
|  88|0x00000000a6e00000, 0x00000000a6e00000, 0x00000000a6f00000|  0%| F|  |TAMS 0x00000000a6e00000, 0x00000000a6e00000| Untracked 
|  89|0x00000000a6f00000, 0x00000000a6f00000, 0x00000000a7000000|  0%| F|  |TAMS 0x00000000a6f00000, 0x00000000a6f00000| Untracked 
|  90|0x00000000a7000000, 0x00000000a7000000, 0x00000000a7100000|  0%| F|  |TAMS 0x00000000a7000000, 0x00000000a7000000| Untracked 
|  91|0x00000000a7100000, 0x00000000a7100000, 0x00000000a7200000|  0%| F|  |TAMS 0x00000000a7100000, 0x00000000a7100000| Untracked 
|  92|0x00000000a7200000, 0x00000000a7200000, 0x00000000a7300000|  0%| F|  |TAMS 0x00000000a7200000, 0x00000000a7200000| Untracked 
|  93|0x00000000a7300000, 0x00000000a7300000, 0x00000000a7400000|  0%| F|  |TAMS 0x00000000a7300000, 0x00000000a7300000| Untracked 
|  94|0x00000000a7400000, 0x00000000a7400000, 0x00000000a7500000|  0%| F|  |TAMS 0x00000000a7400000, 0x00000000a7400000| Untracked 
|  95|0x00000000a7500000, 0x00000000a7500000, 0x00000000a7600000|  0%| F|  |TAMS 0x00000000a7500000, 0x00000000a7500000| Untracked 
|  96|0x00000000a7600000, 0x00000000a7600000, 0x00000000a7700000|  0%| F|  |TAMS 0x00000000a7600000, 0x00000000a7600000| Untracked 
|  97|0x00000000a7700000, 0x00000000a7757a18, 0x00000000a7800000| 34%| E|  |TAMS 0x00000000a7700000, 0x00000000a7700000| Complete 
|  98|0x00000000a7800000, 0x00000000a7900000, 0x00000000a7900000|100%| E|CS|TAMS 0x00000000a7800000, 0x00000000a7800000| Complete 
|  99|0x00000000a7900000, 0x00000000a7a00000, 0x00000000a7a00000|100%| E|CS|TAMS 0x00000000a7900000, 0x00000000a7900000| Complete 
| 100|0x00000000a7a00000, 0x00000000a7b00000, 0x00000000a7b00000|100%| E|CS|TAMS 0x00000000a7a00000, 0x00000000a7a00000| Complete 
| 101|0x00000000a7b00000, 0x00000000a7c00000, 0x00000000a7c00000|100%| E|CS|TAMS 0x00000000a7b00000, 0x00000000a7b00000| Complete 
| 102|0x00000000a7c00000, 0x00000000a7d00000, 0x00000000a7d00000|100%| E|CS|TAMS 0x00000000a7c00000, 0x00000000a7c00000| Complete 
| 103|0x00000000a7d00000, 0x00000000a7e00000, 0x00000000a7e00000|100%| E|CS|TAMS 0x00000000a7d00000, 0x00000000a7d00000| Complete 
| 104|0x00000000a7e00000, 0x00000000a7f00000, 0x00000000a7f00000|100%| E|CS|TAMS 0x00000000a7e00000, 0x00000000a7e00000| Complete 
| 105|0x00000000a7f00000, 0x00000000a8000000, 0x00000000a8000000|100%| E|CS|TAMS 0x00000000a7f00000, 0x00000000a7f00000| Complete 
| 106|0x00000000a8000000, 0x00000000a8100000, 0x00000000a8100000|100%| E|CS|TAMS 0x00000000a8000000, 0x00000000a8000000| Complete 
| 107|0x00000000a8100000, 0x00000000a8200000, 0x00000000a8200000|100%| E|CS|TAMS 0x00000000a8100000, 0x00000000a8100000| Complete 
| 108|0x00000000a8200000, 0x00000000a8300000, 0x00000000a8300000|100%| E|CS|TAMS 0x00000000a8200000, 0x00000000a8200000| Complete 
| 109|0x00000000a8300000, 0x00000000a8400000, 0x00000000a8400000|100%| E|CS|TAMS 0x00000000a8300000, 0x00000000a8300000| Complete 
| 110|0x00000000a8400000, 0x00000000a8500000, 0x00000000a8500000|100%| E|CS|TAMS 0x00000000a8400000, 0x00000000a8400000| Complete 
| 111|0x00000000a8500000, 0x00000000a8600000, 0x00000000a8600000|100%| E|CS|TAMS 0x00000000a8500000, 0x00000000a8500000| Complete 
| 112|0x00000000a8600000, 0x00000000a8700000, 0x00000000a8700000|100%| E|CS|TAMS 0x00000000a8600000, 0x00000000a8600000| Complete 
| 113|0x00000000a8700000, 0x00000000a8800000, 0x00000000a8800000|100%| E|CS|TAMS 0x00000000a8700000, 0x00000000a8700000| Complete 
| 114|0x00000000a8800000, 0x00000000a8900000, 0x00000000a8900000|100%| E|CS|TAMS 0x00000000a8800000, 0x00000000a8800000| Complete 
| 115|0x00000000a8900000, 0x00000000a8a00000, 0x00000000a8a00000|100%| E|CS|TAMS 0x00000000a8900000, 0x00000000a8900000| Complete 
| 116|0x00000000a8a00000, 0x00000000a8b00000, 0x00000000a8b00000|100%| E|CS|TAMS 0x00000000a8a00000, 0x00000000a8a00000| Complete 
| 117|0x00000000a8b00000, 0x00000000a8c00000, 0x00000000a8c00000|100%| E|CS|TAMS 0x00000000a8b00000, 0x00000000a8b00000| Complete 
| 118|0x00000000a8c00000, 0x00000000a8d00000, 0x00000000a8d00000|100%| E|CS|TAMS 0x00000000a8c00000, 0x00000000a8c00000| Complete 

Card table byte_map: [0x000002b2ac390000,0x000002b2ac690000] _byte_map_base: 0x000002b2abe85000

Marking Bits (Prev, Next): (CMBitMap*) 0x000002b295867510, (CMBitMap*) 0x000002b295867550
 Prev Bits: [0x000002b2ac990000, 0x000002b2ae138000)
 Next Bits: [0x000002b2ae140000, 0x000002b2af8e8000)

Polling page: 0x000002b293790000

Metaspace:

Usage:
  Non-class:     76.70 MB used.
      Class:     11.72 MB used.
       Both:     88.42 MB used.

Virtual space:
  Non-class space:       80.00 MB reserved,      77.00 MB ( 96%) committed,  10 nodes.
      Class space:        1.00 GB reserved,      12.06 MB (  1%) committed,  1 nodes.
             Both:        1.08 GB reserved,      89.06 MB (  8%) committed. 

Chunk freelists:
   Non-Class:  2.36 MB
       Class:  3.97 MB
        Both:  6.33 MB

MaxMetaspaceSize: unlimited
CompressedClassSpaceSize: 1.00 GB
Initial GC threshold: 21.00 MB
Current GC threshold: 147.75 MB
CDS: on
MetaspaceReclaimPolicy: balanced
 - commit_granule_bytes: 65536.
 - commit_granule_words: 8192.
 - virtual_space_node_default_size: 1048576.
 - enlarge_chunks_in_place: 1.
 - new_chunks_are_fully_committed: 0.
 - uncommit_free_chunks: 1.
 - use_allocation_guard: 0.
 - handle_deallocations: 1.


Internal statistics:

num_allocs_failed_limit: 6.
num_arena_births: 984.
num_arena_deaths: 132.
num_vsnodes_births: 11.
num_vsnodes_deaths: 0.
num_space_committed: 1425.
num_space_uncommitted: 0.
num_chunks_returned_to_freelist: 158.
num_chunks_taken_from_freelist: 4383.
num_chunk_merges: 49.
num_chunk_splits: 3038.
num_chunks_enlarged: 2293.
num_purges: 6.
num_inconsistent_stats: 0.

CodeHeap 'non-profiled nmethods': size=120000Kb used=12914Kb max_used=12914Kb free=107085Kb
 bounds [0x000002b2a4b60000, 0x000002b2a5800000, 0x000002b2ac090000]
CodeHeap 'profiled nmethods': size=120000Kb used=22767Kb max_used=26427Kb free=97232Kb
 bounds [0x000002b29d090000, 0x000002b29ea70000, 0x000002b2a45c0000]
CodeHeap 'non-nmethods': size=5760Kb used=1385Kb max_used=1461Kb free=4374Kb
 bounds [0x000002b2a45c0000, 0x000002b2a4830000, 0x000002b2a4b60000]
 total_blobs=13973 nmethods=13252 adapters=632
 compilation: enabled
              stopped_count=0, restarted_count=0
 full_count=0

Compilation events (20 events):
Event: 2610.705 Thread 0x000002b2b1d84170 nmethod 17289 0x000002b2a5592590 code [0x000002b2a5592800, 0x000002b2a5593558]
Event: 2610.705 Thread 0x000002b2b1d84170 17290       4       org.apache.coyote.http11.Http11Processor::handleIncompleteRequestLineRead (53 bytes)
Event: 2610.706 Thread 0x000002b2b1d84170 nmethod 17290 0x000002b2a5592290 code [0x000002b2a5592400, 0x000002b2a55924b8]
Event: 2610.706 Thread 0x000002b2b1d84170 17291       4       org.hibernate.query.sqm.tree.select.SqmSelectStatement::containsCollectionFetches (38 bytes)
Event: 2610.732 Thread 0x000002b2b1d84170 nmethod 17291 0x000002b2a5206d10 code [0x000002b2a5206ee0, 0x000002b2a5207698]
Event: 2611.117 Thread 0x000002b2b1d84170 17292   !   4       jdk.internal.reflect.GeneratedConstructorAccessor57::newInstance (49 bytes)
Event: 2611.120 Thread 0x000002b2b1d84170 nmethod 17292 0x000002b2a5591d90 code [0x000002b2a5591f40, 0x000002b2a5592108]
Event: 2611.456 Thread 0x000002b2b1d84170 17293   !   4       org.apache.coyote.http11.Http11Processor::endRequest (170 bytes)
Event: 2611.468 Thread 0x000002b2b1d84170 nmethod 17293 0x000002b2a57f8890 code [0x000002b2a57f8aa0, 0x000002b2a57f8fe0]
Event: 2611.477 Thread 0x000002b2b1d84170 17294       4       org.springframework.web.servlet.mvc.method.annotation.RequestMappingHandlerAdapter::getModelAndView (115 bytes)
Event: 2611.487 Thread 0x000002b2b1d84170 nmethod 17294 0x000002b2a57f9590 code [0x000002b2a57f9740, 0x000002b2a57f9a28]
Event: 2611.487 Thread 0x000002b2b1d84170 17295       4       org.springframework.web.method.annotation.ModelFactory::updateModel (59 bytes)
Event: 2611.493 Thread 0x000002b2b1d84170 nmethod 17295 0x000002b2a57f9e10 code [0x000002b2a57f9fc0, 0x000002b2a57fa268]
Event: 2611.493 Thread 0x000002b2b1d84170 17296       4       org.springframework.web.servlet.handler.WebRequestHandlerInterceptorAdapter::postHandle (41 bytes)
Event: 2611.501 Thread 0x000002b2b1d84170 nmethod 17296 0x000002b2a57fa590 code [0x000002b2a57fa720, 0x000002b2a57fa978]
Event: 2611.501 Thread 0x000002b2b1d84170 17297       4       org.springframework.web.servlet.DispatcherServlet::processDispatchResult (165 bytes)
Event: 2611.542 Thread 0x000002b2b1d84170 nmethod 17297 0x000002b2a57fac90 code [0x000002b2a57faee0, 0x000002b2a57fbd18]
Event: 2611.542 Thread 0x000002b2b1d84170 17298   !   4       org.apache.catalina.connector.Request::recycleSessionInfo (67 bytes)
Event: 2611.544 Thread 0x000002b2b1d84170 nmethod 17298 0x000002b2a5591790 code [0x000002b2a5591900, 0x000002b2a5591a38]
Event: 2611.544 Thread 0x000002b2b1d84170 17299       4       org.springframework.security.authentication.ObservationAuthenticationManager::authenticate (58 bytes)

GC Heap History (20 events):
Event: 1667.302 GC heap before
{Heap before GC invocations=59 (full 0):
 garbage-first heap   total 121856K, used 107206K [0x00000000a1600000, 0x0000000100000000)
  region size 1024K, 59 young (60416K), 1 survivors (1024K)
 Metaspace       used 90380K, committed 91072K, reserved 1130496K
  class space    used 11992K, committed 12352K, reserved 1048576K
}
Event: 1667.305 GC heap after
{Heap after GC invocations=60 (full 0):
 garbage-first heap   total 121856K, used 47800K [0x00000000a1600000, 0x0000000100000000)
  region size 1024K, 1 young (1024K), 1 survivors (1024K)
 Metaspace       used 90380K, committed 91072K, reserved 1130496K
  class space    used 11992K, committed 12352K, reserved 1048576K
}
Event: 2033.594 GC heap before
{Heap before GC invocations=60 (full 0):
 garbage-first heap   total 121856K, used 107192K [0x00000000a1600000, 0x0000000100000000)
  region size 1024K, 59 young (60416K), 1 survivors (1024K)
 Metaspace       used 90454K, committed 91136K, reserved 1130496K
  class space    used 11993K, committed 12352K, reserved 1048576K
}
Event: 2034.021 GC heap after
{Heap after GC invocations=61 (full 0):
 garbage-first heap   total 121856K, used 48858K [0x00000000a1600000, 0x0000000100000000)
  region size 1024K, 2 young (2048K), 2 survivors (2048K)
 Metaspace       used 90454K, committed 91136K, reserved 1130496K
  class space    used 11993K, committed 12352K, reserved 1048576K
}
Event: 2036.100 GC heap before
{Heap before GC invocations=61 (full 0):
 garbage-first heap   total 121856K, used 106202K [0x00000000a1600000, 0x0000000100000000)
  region size 1024K, 58 young (59392K), 2 survivors (2048K)
 Metaspace       used 90456K, committed 91136K, reserved 1130496K
  class space    used 11994K, committed 12352K, reserved 1048576K
}
Event: 2036.107 GC heap after
{Heap after GC invocations=62 (full 0):
 garbage-first heap   total 121856K, used 48794K [0x00000000a1600000, 0x0000000100000000)
  region size 1024K, 2 young (2048K), 2 survivors (2048K)
 Metaspace       used 90456K, committed 91136K, reserved 1130496K
  class space    used 11994K, committed 12352K, reserved 1048576K
}
Event: 2037.702 GC heap before
{Heap before GC invocations=62 (full 0):
 garbage-first heap   total 121856K, used 106138K [0x00000000a1600000, 0x0000000100000000)
  region size 1024K, 58 young (59392K), 2 survivors (2048K)
 Metaspace       used 90457K, committed 91136K, reserved 1130496K
  class space    used 11994K, committed 12352K, reserved 1048576K
}
Event: 2037.712 GC heap after
{Heap after GC invocations=63 (full 0):
 garbage-first heap   total 121856K, used 48899K [0x00000000a1600000, 0x0000000100000000)
  region size 1024K, 2 young (2048K), 2 survivors (2048K)
 Metaspace       used 90457K, committed 91136K, reserved 1130496K
  class space    used 11994K, committed 12352K, reserved 1048576K
}
Event: 2039.030 GC heap before
{Heap before GC invocations=63 (full 0):
 garbage-first heap   total 121856K, used 106243K [0x00000000a1600000, 0x0000000100000000)
  region size 1024K, 58 young (59392K), 2 survivors (2048K)
 Metaspace       used 90457K, committed 91136K, reserved 1130496K
  class space    used 11994K, committed 12352K, reserved 1048576K
}
Event: 2039.043 GC heap after
{Heap after GC invocations=64 (full 0):
 garbage-first heap   total 121856K, used 48873K [0x00000000a1600000, 0x0000000100000000)
  region size 1024K, 2 young (2048K), 2 survivors (2048K)
 Metaspace       used 90457K, committed 91136K, reserved 1130496K
  class space    used 11994K, committed 12352K, reserved 1048576K
}
Event: 2040.553 GC heap before
{Heap before GC invocations=64 (full 0):
 garbage-first heap   total 121856K, used 106217K [0x00000000a1600000, 0x0000000100000000)
  region size 1024K, 58 young (59392K), 2 survivors (2048K)
 Metaspace       used 90458K, committed 91136K, reserved 1130496K
  class space    used 11994K, committed 12352K, reserved 1048576K
}
Event: 2040.567 GC heap after
{Heap after GC invocations=65 (full 0):
 garbage-first heap   total 121856K, used 48901K [0x00000000a1600000, 0x0000000100000000)
  region size 1024K, 2 young (2048K), 2 survivors (2048K)
 Metaspace       used 90458K, committed 91136K, reserved 1130496K
  class space    used 11994K, committed 12352K, reserved 1048576K
}
Event: 2592.584 GC heap before
{Heap before GC invocations=65 (full 0):
 garbage-first heap   total 121856K, used 106245K [0x00000000a1600000, 0x0000000100000000)
  region size 1024K, 58 young (59392K), 2 survivors (2048K)
 Metaspace       used 90528K, committed 91200K, reserved 1130496K
  class space    used 11994K, committed 12352K, reserved 1048576K
}
Event: 2592.699 GC heap after
{Heap after GC invocations=66 (full 0):
 garbage-first heap   total 121856K, used 48869K [0x00000000a1600000, 0x0000000100000000)
  region size 1024K, 2 young (2048K), 2 survivors (2048K)
 Metaspace       used 90528K, committed 91200K, reserved 1130496K
  class space    used 11994K, committed 12352K, reserved 1048576K
}
Event: 2598.306 GC heap before
{Heap before GC invocations=66 (full 0):
 garbage-first heap   total 121856K, used 106213K [0x00000000a1600000, 0x0000000100000000)
  region size 1024K, 58 young (59392K), 2 survivors (2048K)
 Metaspace       used 90532K, committed 91200K, reserved 1130496K
  class space    used 11994K, committed 12352K, reserved 1048576K
}
Event: 2598.311 GC heap after
{Heap after GC invocations=67 (full 0):
 garbage-first heap   total 121856K, used 48803K [0x00000000a1600000, 0x0000000100000000)
  region size 1024K, 2 young (2048K), 2 survivors (2048K)
 Metaspace       used 90532K, committed 91200K, reserved 1130496K
  class space    used 11994K, committed 12352K, reserved 1048576K
}
Event: 2602.832 GC heap before
{Heap before GC invocations=67 (full 0):
 garbage-first heap   total 121856K, used 106147K [0x00000000a1600000, 0x0000000100000000)
  region size 1024K, 58 young (59392K), 2 survivors (2048K)
 Metaspace       used 90532K, committed 91200K, reserved 1130496K
  class space    used 11995K, committed 12352K, reserved 1048576K
}
Event: 2602.834 GC heap after
{Heap after GC invocations=68 (full 0):
 garbage-first heap   total 121856K, used 48750K [0x00000000a1600000, 0x0000000100000000)
  region size 1024K, 1 young (1024K), 1 survivors (1024K)
 Metaspace       used 90532K, committed 91200K, reserved 1130496K
  class space    used 11995K, committed 12352K, reserved 1048576K
}
Event: 2609.971 GC heap before
{Heap before GC invocations=68 (full 0):
 garbage-first heap   total 121856K, used 108142K [0x00000000a1600000, 0x0000000100000000)
  region size 1024K, 59 young (60416K), 1 survivors (1024K)
 Metaspace       used 90539K, committed 91200K, reserved 1130496K
  class space    used 11996K, committed 12352K, reserved 1048576K
}
Event: 2609.976 GC heap after
{Heap after GC invocations=69 (full 0):
 garbage-first heap   total 121856K, used 48771K [0x00000000a1600000, 0x0000000100000000)
  region size 1024K, 1 young (1024K), 1 survivors (1024K)
 Metaspace       used 90539K, committed 91200K, reserved 1130496K
  class space    used 11996K, committed 12352K, reserved 1048576K
}

Deoptimization events (20 events):
Event: 2050.539 Thread 0x000002b2b6e1c680 Uncommon trap: trap_request=0xffffff45 fr.pc=0x000002b2a539e738 relative=0x0000000000001038
Event: 2050.540 Thread 0x000002b2b6e1c680 Uncommon trap: reason=unstable_if action=reinterpret pc=0x000002b2a539e738 method=java.util.GregorianCalendar.computeFields(II)I @ 225 c2
Event: 2050.540 Thread 0x000002b2b6e1c680 DEOPT PACKING pc=0x000002b2a539e738 sp=0x000000fdff1fa790
Event: 2050.541 Thread 0x000002b2b6e1c680 DEOPT UNPACKING pc=0x000002b2a46123a3 sp=0x000000fdff1fa6a0 mode 2
Event: 2050.545 Thread 0x000002b2b6e1c680 Uncommon trap: trap_request=0xffffff3d fr.pc=0x000002b2a4e3dd58 relative=0x00000000000001b8
Event: 2050.545 Thread 0x000002b2b6e1c680 Uncommon trap: reason=unstable_fused_if action=reinterpret pc=0x000002b2a4e3dd58 method=sun.util.calendar.BaseCalendar.getFixedDate(IIILsun/util/calendar/BaseCalendar$Date;)J @ 67 c2
Event: 2050.545 Thread 0x000002b2b6e1c680 DEOPT PACKING pc=0x000002b2a4e3dd58 sp=0x000000fdff1fa5b0
Event: 2050.546 Thread 0x000002b2b6e1c680 DEOPT UNPACKING pc=0x000002b2a46123a3 sp=0x000000fdff1fa518 mode 2
Event: 2582.697 Thread 0x000002b2b6e1c680 Uncommon trap: trap_request=0xffffff45 fr.pc=0x000002b2a5296e68 relative=0x0000000000000248
Event: 2582.701 Thread 0x000002b2b6e1c680 Uncommon trap: reason=unstable_if action=reinterpret pc=0x000002b2a5296e68 method=org.springframework.util.MimeTypeUtils.bubbleSort(Ljava/util/List;Ljava/util/function/BiPredicate;)V @ 57 c2
Event: 2582.702 Thread 0x000002b2b6e1c680 DEOPT PACKING pc=0x000002b2a5296e68 sp=0x000000fdff1fbcd0
Event: 2582.703 Thread 0x000002b2b6e1c680 DEOPT UNPACKING pc=0x000002b2a46123a3 sp=0x000000fdff1fbc58 mode 2
Event: 2610.711 Thread 0x000002b2b6e1e830 Uncommon trap: trap_request=0xffffff6e fr.pc=0x000002b2a55931c4 relative=0x00000000000009c4
Event: 2610.711 Thread 0x000002b2b6e1e830 Uncommon trap: reason=loop_limit_check action=maybe_recompile pc=0x000002b2a55931c4 method=org.hibernate.query.sqm.tree.select.SqmQuerySpec.containsCollectionFetches()Z @ 21 c2
Event: 2610.711 Thread 0x000002b2b6e1e830 DEOPT PACKING pc=0x000002b2a55931c4 sp=0x000000fdfedfada0
Event: 2610.715 Thread 0x000002b2b6e1e830 DEOPT UNPACKING pc=0x000002b2a46123a3 sp=0x000000fdfedfabe0 mode 2
Event: 2610.741 Thread 0x000002b2b6e21850 Uncommon trap: trap_request=0xffffff6e fr.pc=0x000002b2a52075bc relative=0x00000000000006dc
Event: 2610.741 Thread 0x000002b2b6e21850 Uncommon trap: reason=loop_limit_check action=maybe_recompile pc=0x000002b2a52075bc method=org.hibernate.query.sqm.tree.select.SqmQuerySpec.containsCollectionFetches()Z @ 21 c2
Event: 2610.741 Thread 0x000002b2b6e21850 DEOPT PACKING pc=0x000002b2a52075bc sp=0x000000fdfe9face0
Event: 2610.741 Thread 0x000002b2b6e21850 DEOPT UNPACKING pc=0x000002b2a46123a3 sp=0x000000fdfe9fac20 mode 2

Classes unloaded (20 events):
Event: 1481.425 Thread 0x000002b2b1d64940 Unloading class 0x0000000800f9f400 'java/lang/invoke/LambdaForm$MH+0x0000000800f9f400'
Event: 1481.425 Thread 0x000002b2b1d64940 Unloading class 0x0000000800e8d000 'java/lang/invoke/LambdaForm$MH+0x0000000800e8d000'
Event: 1481.425 Thread 0x000002b2b1d64940 Unloading class 0x0000000800e8cc00 'java/lang/invoke/LambdaForm$MH+0x0000000800e8cc00'
Event: 1481.425 Thread 0x000002b2b1d64940 Unloading class 0x0000000800e8c800 'java/lang/invoke/LambdaForm$MH+0x0000000800e8c800'
Event: 1481.425 Thread 0x000002b2b1d64940 Unloading class 0x0000000800e8c400 'java/lang/invoke/LambdaForm$MH+0x0000000800e8c400'
Event: 1481.425 Thread 0x000002b2b1d64940 Unloading class 0x0000000800cbe000 'java/lang/invoke/LambdaForm$MH+0x0000000800cbe000'
Event: 1492.063 Thread 0x000002b2b1d64940 Unloading class 0x00000008013f1000 'java/lang/invoke/LambdaForm$MH+0x00000008013f1000'
Event: 1492.063 Thread 0x000002b2b1d64940 Unloading class 0x00000008013f0c00 'java/lang/invoke/LambdaForm$MH+0x00000008013f0c00'
Event: 1492.063 Thread 0x000002b2b1d64940 Unloading class 0x00000008013f0800 'java/lang/invoke/LambdaForm$MH+0x00000008013f0800'
Event: 1492.063 Thread 0x000002b2b1d64940 Unloading class 0x00000008013f0400 'java/lang/invoke/LambdaForm$MH+0x00000008013f0400'
Event: 1492.063 Thread 0x000002b2b1d64940 Unloading class 0x00000008013f0000 'java/lang/invoke/LambdaForm$MH+0x00000008013f0000'
Event: 1492.063 Thread 0x000002b2b1d64940 Unloading class 0x00000008013e0c00 'java/lang/invoke/LambdaForm$MH+0x00000008013e0c00'
Event: 1492.063 Thread 0x000002b2b1d64940 Unloading class 0x00000008013e0800 'java/lang/invoke/LambdaForm$MH+0x00000008013e0800'
Event: 1492.063 Thread 0x000002b2b1d64940 Unloading class 0x0000000800e8c000 'java/lang/invoke/LambdaForm$MH+0x0000000800e8c000'
Event: 1492.063 Thread 0x000002b2b1d64940 Unloading class 0x0000000800d15c00 'java/lang/invoke/LambdaForm$MH+0x0000000800d15c00'
Event: 1492.063 Thread 0x000002b2b1d64940 Unloading class 0x0000000800d15800 'java/lang/invoke/LambdaForm$MH+0x0000000800d15800'
Event: 1492.063 Thread 0x000002b2b1d64940 Unloading class 0x0000000800d15400 'java/lang/invoke/LambdaForm$MH+0x0000000800d15400'
Event: 1492.063 Thread 0x000002b2b1d64940 Unloading class 0x0000000800d15000 'java/lang/invoke/LambdaForm$MH+0x0000000800d15000'
Event: 1492.063 Thread 0x000002b2b1d64940 Unloading class 0x0000000800d14c00 'java/lang/invoke/LambdaForm$MH+0x0000000800d14c00'
Event: 1492.063 Thread 0x000002b2b1d64940 Unloading class 0x0000000800d14800 'java/lang/invoke/LambdaForm$MH+0x0000000800d14800'

Classes redefined (0 events):
No events

Internal exceptions (20 events):
Event: 27.003 Thread 0x000002b29581b0c0 Exception <a 'java/lang/NoSuchMethodError'{0x00000000a6ca5e40}: 'java.lang.Object java.lang.invoke.DirectMethodHandle$Holder.invokeSpecial(java.lang.Object, java.lang.Object, int, java.lang.Object, int, java.lang.Object)'> (0x00000000a6ca5e40) 
thrown [s\open\src\hotspot\share\interpreter\linkResolver.cpp, line 759]
Event: 27.004 Thread 0x000002b29581b0c0 Exception <a 'java/lang/NoSuchMethodError'{0x00000000a6cadbb8}: 'java.lang.Object java.lang.invoke.DirectMethodHandle$Holder.newInvokeSpecial(java.lang.Object, java.lang.Object, int, java.lang.Object, int)'> (0x00000000a6cadbb8) 
thrown [s\open\src\hotspot\share\interpreter\linkResolver.cpp, line 759]
Event: 27.004 Thread 0x000002b29581b0c0 Exception <a 'java/lang/NoSuchMethodError'{0x00000000a6cb1cb8}: 'java.lang.Object java.lang.invoke.DirectMethodHandle$Holder.invokeSpecial(java.lang.Object, java.lang.Object, java.lang.Object, int, java.lang.Object, int)'> (0x00000000a6cb1cb8) 
thrown [s\open\src\hotspot\share\interpreter\linkResolver.cpp, line 759]
Event: 27.121 Thread 0x000002b29581b0c0 Exception <a 'java/lang/IncompatibleClassChangeError'{0x00000000a6ab7738}: Found class java.lang.Object, but interface was expected> (0x00000000a6ab7738) 
thrown [s\open\src\hotspot\share\interpreter\linkResolver.cpp, line 826]
Event: 27.160 Thread 0x000002b29581b0c0 Implicit null exception at 0x000002b2a4f38afd to 0x000002b2a4f38cb0
Event: 27.870 Thread 0x000002b29581b0c0 Implicit null exception at 0x000002b2a4bf7c02 to 0x000002b2a4bfdd1c
Event: 99.789 Thread 0x000002b2b6e20040 Exception <a 'java/lang/NoSuchMethodError'{0x00000000a74d4f28}: 'java.lang.Object java.lang.invoke.DirectMethodHandle$Holder.invokeSpecial(java.lang.Object, java.lang.Object, java.lang.Object, java.lang.Object, java.lang.Object, long)'> (0x00000000a74d4f28) 
thrown [s\open\src\hotspot\share\interpreter\linkResolver.cpp, line 759]
Event: 99.789 Thread 0x000002b2b6e20040 Exception <a 'java/lang/NoSuchMethodError'{0x00000000a74d8968}: 'java.lang.Object java.lang.invoke.Invokers$Holder.linkToTargetMethod(java.lang.Object, java.lang.Object, java.lang.Object, long, java.lang.Object)'> (0x00000000a74d8968) 
thrown [s\open\src\hotspot\share\interpreter\linkResolver.cpp, line 759]
Event: 101.404 Thread 0x000002b2b6e20040 Exception <a 'java/lang/NoSuchMethodError'{0x00000000a67ee7f0}: 'java.lang.Object java.lang.invoke.DirectMethodHandle$Holder.invokeInterface(java.lang.Object, java.lang.Object, java.lang.Object, java.lang.Object)'> (0x00000000a67ee7f0) 
thrown [s\open\src\hotspot\share\interpreter\linkResolver.cpp, line 759]
Event: 101.464 Thread 0x000002b2b6e20040 Exception <a 'java/lang/IncompatibleClassChangeError'{0x00000000a66f99a0}: Found class java.lang.Object, but interface was expected> (0x00000000a66f99a0) 
thrown [s\open\src\hotspot\share\interpreter\linkResolver.cpp, line 826]
Event: 101.592 Thread 0x000002b2b6e20040 Exception <a 'java/lang/NoSuchMethodError'{0x00000000a64bd348}: 'java.lang.Object java.lang.invoke.DirectMethodHandle$Holder.newInvokeSpecial(java.lang.Object, java.lang.Object, java.lang.Object, long)'> (0x00000000a64bd348) 
thrown [s\open\src\hotspot\share\interpreter\linkResolver.cpp, line 759]
Event: 101.593 Thread 0x000002b2b6e20040 Exception <a 'java/lang/NoSuchMethodError'{0x00000000a64c1e28}: 'java.lang.Object java.lang.invoke.DirectMethodHandle$Holder.invokeSpecial(java.lang.Object, java.lang.Object, java.lang.Object, java.lang.Object, long)'> (0x00000000a64c1e28) 
thrown [s\open\src\hotspot\share\interpreter\linkResolver.cpp, line 759]
Event: 101.593 Thread 0x000002b2b6e20040 Exception <a 'java/lang/NoSuchMethodError'{0x00000000a64c64c8}: 'java.lang.Object java.lang.invoke.Invokers$Holder.linkToTargetMethod(java.lang.Object, java.lang.Object, long, java.lang.Object)'> (0x00000000a64c64c8) 
thrown [s\open\src\hotspot\share\interpreter\linkResolver.cpp, line 759]
Event: 112.672 Thread 0x000002b2b6e21850 Exception <a 'java/lang/NoSuchMethodError'{0x00000000a5fb1cf0}: 'java.lang.Object java.lang.invoke.DirectMethodHandle$Holder.invokeInterface(java.lang.Object, java.lang.Object, int)'> (0x00000000a5fb1cf0) 
thrown [s\open\src\hotspot\share\interpreter\linkResolver.cpp, line 759]
Event: 1553.724 Thread 0x000002b2b6e1a000 Implicit null exception at 0x000002b2a54da59c to 0x000002b2a54dc134
Event: 1553.820 Thread 0x000002b2b6e1c680 Implicit null exception at 0x000002b2a5207364 to 0x000002b2a520cb68
Event: 1553.832 Thread 0x000002b2b6e1c680 Implicit null exception at 0x000002b2a5311cb0 to 0x000002b2a53172c7
Event: 1823.238 Thread 0x000002b2b6e21850 Implicit null exception at 0x000002b2a532dbb9 to 0x000002b2a532de38
Event: 1889.926 Thread 0x000002b2b6e1b340 Implicit null exception at 0x000002b2a56c5c05 to 0x000002b2a56c6820
Event: 1889.931 Thread 0x000002b2b6e1b340 Implicit null exception at 0x000002b2a56b5dfd to 0x000002b2a56b6168

VM Operations (20 events):
Event: 2598.306 Executing VM operation: G1CollectForAllocation
Event: 2598.311 Executing VM operation: G1CollectForAllocation done
Event: 2600.047 Executing VM operation: HandshakeAllThreads
Event: 2600.048 Executing VM operation: HandshakeAllThreads done
Event: 2602.831 Executing VM operation: G1CollectForAllocation
Event: 2602.834 Executing VM operation: G1CollectForAllocation done
Event: 2602.951 Executing VM operation: HandshakeAllThreads
Event: 2602.951 Executing VM operation: HandshakeAllThreads done
Event: 2604.963 Executing VM operation: Cleanup
Event: 2604.964 Executing VM operation: Cleanup done
Event: 2605.973 Executing VM operation: Cleanup
Event: 2605.974 Executing VM operation: Cleanup done
Event: 2606.985 Executing VM operation: Cleanup
Event: 2606.986 Executing VM operation: Cleanup done
Event: 2609.001 Executing VM operation: Cleanup
Event: 2609.001 Executing VM operation: Cleanup done
Event: 2609.971 Executing VM operation: G1CollectForAllocation
Event: 2609.976 Executing VM operation: G1CollectForAllocation done
Event: 2610.978 Executing VM operation: Cleanup
Event: 2610.978 Executing VM operation: Cleanup done

Events (20 events):
Event: 2603.002 Thread 0x000002b2b1dedb00 flushing nmethod 0x000002b29e86d990
Event: 2603.003 Thread 0x000002b2b1dedb00 flushing nmethod 0x000002b29e86f310
Event: 2603.003 Thread 0x000002b2b1dedb00 flushing nmethod 0x000002b29e86f790
Event: 2603.003 Thread 0x000002b2b1dedb00 flushing nmethod 0x000002b29e872a10
Event: 2603.003 Thread 0x000002b2b1dedb00 flushing nmethod 0x000002b29e8aa110
Event: 2603.003 Thread 0x000002b2b1dedb00 flushing nmethod 0x000002b29e8aad90
Event: 2603.003 Thread 0x000002b2b1dedb00 flushing nmethod 0x000002b29e8ab810
Event: 2603.003 Thread 0x000002b2b1dedb00 flushing nmethod 0x000002b29e8ac310
Event: 2603.004 Thread 0x000002b2b1dedb00 flushing nmethod 0x000002b29e8ad310
Event: 2603.004 Thread 0x000002b2b1dedb00 flushing nmethod 0x000002b29e8ada90
Event: 2603.004 Thread 0x000002b2b1dedb00 flushing nmethod 0x000002b29e8e1590
Event: 2603.006 Thread 0x000002b2b1dedb00 flushing nmethod 0x000002b29e9b2a10
Event: 2603.006 Thread 0x000002b2b1dedb00 flushing nmethod 0x000002b29e9ec110
Event: 2603.006 Thread 0x000002b2b1dedb00 flushing nmethod 0x000002b29e9f7610
Event: 2603.006 Thread 0x000002b2b1dedb00 flushing nmethod 0x000002b29ea52690
Event: 2603.006 Thread 0x000002b2b1dedb00 flushing nmethod 0x000002b29ea53090
Event: 2603.006 Thread 0x000002b2b1dedb00 flushing nmethod 0x000002b29ea63090
Event: 2604.435 Thread 0x000002b2b54de640 Thread exited: 0x000002b2b54de640
Event: 2609.808 loading class javax/crypto/spec/OAEPParameterSpec
Event: 2609.822 loading class javax/crypto/spec/OAEPParameterSpec done


Dynamic libraries:
0x00007ff67feb0000 - 0x00007ff67fec0000 	C:\Program Files\Java\jdk-17\bin\java.exe
0x00007ff898970000 - 0x00007ff898b68000 	C:\WINDOWS\SYSTEM32\ntdll.dll
0x00007ff896f10000 - 0x00007ff896fcf000 	C:\WINDOWS\System32\KERNEL32.DLL
0x00007ff896100000 - 0x00007ff8963f6000 	C:\WINDOWS\System32\KERNELBASE.dll
0x00007ff8964c0000 - 0x00007ff8965c0000 	C:\WINDOWS\System32\ucrtbase.dll
0x00007ff891bc0000 - 0x00007ff891bd8000 	C:\Program Files\Java\jdk-17\bin\jli.dll
0x00007ff896c40000 - 0x00007ff896cef000 	C:\WINDOWS\System32\ADVAPI32.dll
0x00007ff897350000 - 0x00007ff8973ee000 	C:\WINDOWS\System32\msvcrt.dll
0x00007ff8972a0000 - 0x00007ff89733c000 	C:\WINDOWS\System32\sechost.dll
0x00007ff897860000 - 0x00007ff897986000 	C:\WINDOWS\System32\RPCRT4.dll
0x00007ff8969d0000 - 0x00007ff896b6d000 	C:\WINDOWS\System32\USER32.dll
0x00007ff896490000 - 0x00007ff8964b2000 	C:\WINDOWS\System32\win32u.dll
0x00007ff897830000 - 0x00007ff89785c000 	C:\WINDOWS\System32\GDI32.dll
0x00007ff896660000 - 0x00007ff896775000 	C:\WINDOWS\System32\gdi32full.dll
0x00007ff8965c0000 - 0x00007ff89665d000 	C:\WINDOWS\System32\msvcp_win.dll
0x00007ff872b40000 - 0x00007ff872b5b000 	C:\Program Files\Java\jdk-17\bin\VCRUNTIME140.dll
0x00007ff8854e0000 - 0x00007ff88577a000 	C:\WINDOWS\WinSxS\amd64_microsoft.windows.common-controls_6595b64144ccf1df_6.0.19041.1110_none_60b5254171f9507e\COMCTL32.dll
0x00007ff88a780000 - 0x00007ff88a78a000 	C:\WINDOWS\SYSTEM32\VERSION.dll
0x00007ff896e50000 - 0x00007ff896e80000 	C:\WINDOWS\System32\IMM32.DLL
0x00007ff8726b0000 - 0x00007ff8726bc000 	C:\Program Files\Java\jdk-17\bin\vcruntime140_1.dll
0x00007ff827d70000 - 0x00007ff827dfe000 	C:\Program Files\Java\jdk-17\bin\msvcp140.dll
0x00007ff827190000 - 0x00007ff827d67000 	C:\Program Files\Java\jdk-17\bin\server\jvm.dll
0x00007ff897340000 - 0x00007ff897348000 	C:\WINDOWS\System32\PSAPI.DLL
0x00007ff87fd90000 - 0x00007ff87fd99000 	C:\WINDOWS\SYSTEM32\WSOCK32.dll
0x00007ff897f50000 - 0x00007ff897fbb000 	C:\WINDOWS\System32\WS2_32.dll
0x00007ff887000000 - 0x00007ff887027000 	C:\WINDOWS\SYSTEM32\WINMM.dll
0x00007ff893ef0000 - 0x00007ff893f02000 	C:\WINDOWS\SYSTEM32\kernel.appcore.dll
0x00007ff8726a0000 - 0x00007ff8726aa000 	C:\Program Files\Java\jdk-17\bin\jimage.dll
0x00007ff891880000 - 0x00007ff891a64000 	C:\WINDOWS\SYSTEM32\DBGHELP.DLL
0x00007ff891840000 - 0x00007ff891874000 	C:\WINDOWS\SYSTEM32\dbgcore.DLL
0x00007ff896400000 - 0x00007ff896482000 	C:\WINDOWS\System32\bcryptPrimitives.dll
0x00007ff8913f0000 - 0x00007ff8913fe000 	C:\Program Files\Java\jdk-17\bin\instrument.dll
0x00007ff872670000 - 0x00007ff872695000 	C:\Program Files\Java\jdk-17\bin\java.dll
0x00007ff8270b0000 - 0x00007ff827187000 	C:\Program Files\Java\jdk-17\bin\jsvml.dll
0x00007ff8981e0000 - 0x00007ff898924000 	C:\WINDOWS\System32\SHELL32.dll
0x00007ff8940f0000 - 0x00007ff894883000 	C:\WINDOWS\SYSTEM32\windows.storage.dll
0x00007ff8973f0000 - 0x00007ff897744000 	C:\WINDOWS\System32\combase.dll
0x00007ff895a90000 - 0x00007ff895abe000 	C:\WINDOWS\SYSTEM32\Wldp.dll
0x00007ff896cf0000 - 0x00007ff896d9d000 	C:\WINDOWS\System32\SHCORE.dll
0x00007ff896eb0000 - 0x00007ff896f05000 	C:\WINDOWS\System32\shlwapi.dll
0x00007ff895f80000 - 0x00007ff895fa5000 	C:\WINDOWS\SYSTEM32\profapi.dll
0x00007ff827050000 - 0x00007ff827068000 	C:\Program Files\Java\jdk-17\bin\zip.dll
0x00007ff827090000 - 0x00007ff8270a9000 	C:\Program Files\Java\jdk-17\bin\net.dll
0x00007ff88a120000 - 0x00007ff88a22a000 	C:\WINDOWS\SYSTEM32\WINHTTP.dll
0x00007ff8957f0000 - 0x00007ff89585a000 	C:\WINDOWS\system32\mswsock.dll
0x00007ff827070000 - 0x00007ff827086000 	C:\Program Files\Java\jdk-17\bin\nio.dll
0x00007ff88f1d0000 - 0x00007ff88f1ea000 	C:\Program Files\JetBrains\IntelliJ IDEA Community Edition 2022.3.3\bin\breakgen64.dll
0x00007ff895490000 - 0x00007ff8954cb000 	C:\WINDOWS\SYSTEM32\IPHLPAPI.DLL
0x00007ff897990000 - 0x00007ff897998000 	C:\WINDOWS\System32\NSI.dll
0x00007ff88a820000 - 0x00007ff88a837000 	C:\WINDOWS\SYSTEM32\dhcpcsvc6.DLL
0x00007ff88ac00000 - 0x00007ff88ac1d000 	C:\WINDOWS\SYSTEM32\dhcpcsvc.DLL
0x00007ff8954e0000 - 0x00007ff8955aa000 	C:\WINDOWS\SYSTEM32\DNSAPI.dll
0x00007ff883d20000 - 0x00007ff883d2a000 	C:\Windows\System32\rasadhlp.dll
0x00007ff884310000 - 0x00007ff884392000 	C:\WINDOWS\System32\fwpuclnt.dll
0x00007ff896780000 - 0x00007ff8967a7000 	C:\WINDOWS\System32\bcrypt.dll
0x00007ff826ff0000 - 0x00007ff827000000 	C:\Program Files\Java\jdk-17\bin\verify.dll
0x00007ff8959e0000 - 0x00007ff8959f8000 	C:\WINDOWS\SYSTEM32\CRYPTSP.dll
0x00007ff895090000 - 0x00007ff8950c4000 	C:\WINDOWS\system32\rsaenh.dll
0x00007ff895f00000 - 0x00007ff895f2e000 	C:\WINDOWS\SYSTEM32\USERENV.dll
0x00007ff895a00000 - 0x00007ff895a0c000 	C:\WINDOWS\SYSTEM32\CRYPTBASE.dll
0x00007ff88f540000 - 0x00007ff88f54d000 	C:\Program Files\Java\jdk-17\bin\sunmscapi.dll
0x00007ff8967b0000 - 0x00007ff89690e000 	C:\WINDOWS\System32\CRYPT32.dll
0x00007ff895b00000 - 0x00007ff895b28000 	C:\WINDOWS\SYSTEM32\ncrypt.dll
0x00007ff895ac0000 - 0x00007ff895afb000 	C:\WINDOWS\SYSTEM32\NTASN1.dll
0x00007ff88f530000 - 0x00007ff88f53a000 	C:\Program Files\Java\jdk-17\bin\management.dll
0x00007ff88f370000 - 0x00007ff88f37b000 	C:\Program Files\Java\jdk-17\bin\management_ext.dll
0x00007ff871ec0000 - 0x00007ff871ec7000 	C:\WINDOWS\system32\wshunix.dll

dbghelp: loaded successfully - version: 4.0.5 - missing functions: none
symbol engine: initialized successfully - sym options: 0x614 - pdb path: .;C:\Program Files\Java\jdk-17\bin;C:\WINDOWS\SYSTEM32;C:\WINDOWS\WinSxS\amd64_microsoft.windows.common-controls_6595b64144ccf1df_6.0.19041.1110_none_60b5254171f9507e;C:\Program Files\Java\jdk-17\bin\server;C:\Program Files\JetBrains\IntelliJ IDEA Community Edition 2022.3.3\bin

VM Arguments:
jvm_args: -javaagent:C:\Program Files\JetBrains\IntelliJ IDEA Community Edition 2022.3.3\lib\idea_rt.jar=49276:C:\Program Files\JetBrains\IntelliJ IDEA Community Edition 2022.3.3\bin -Dfile.encoding=UTF-8 
java_command: com.example.cours.CoursApplication
java_class_path (initial): C:\Users\wissem\Desktop\back\e-learning-back\cours\target\classes;C:\Users\wissem\.m2\repository\org\springframework\boot\spring-boot-starter-oauth2-resource-server\3.0.5\spring-boot-starter-oauth2-resource-server-3.0.5.jar;C:\Users\wissem\.m2\repository\org\springframework\boot\spring-boot-starter\3.0.5\spring-boot-starter-3.0.5.jar;C:\Users\wissem\.m2\repository\org\springframework\boot\spring-boot\3.0.5\spring-boot-3.0.5.jar;C:\Users\wissem\.m2\repository\org\springframework\boot\spring-boot-autoconfigure\3.0.5\spring-boot-autoconfigure-3.0.5.jar;C:\Users\wissem\.m2\repository\org\springframework\boot\spring-boot-starter-logging\3.0.5\spring-boot-starter-logging-3.0.5.jar;C:\Users\wissem\.m2\repository\ch\qos\logback\logback-classic\1.4.6\logback-classic-1.4.6.jar;C:\Users\wissem\.m2\repository\ch\qos\logback\logback-core\1.4.6\logback-core-1.4.6.jar;C:\Users\wissem\.m2\repository\org\apache\logging\log4j\log4j-to-slf4j\2.19.0\log4j-to-slf4j-2.19.0.jar;C:\Users\wissem\.m2\repository\org\apache\logging\log4j\log4j-api\2.19.0\log4j-api-2.19.0.jar;C:\Users\wissem\.m2\repository\org\slf4j\jul-to-slf4j\2.0.7\jul-to-slf4j-2.0.7.jar;C:\Users\wissem\.m2\repository\jakarta\annotation\jakarta.annotation-api\2.1.1\jakarta.annotation-api-2.1.1.jar;C:\Users\wissem\.m2\repository\org\yaml\snakeyaml\1.33\snakeyaml-1.33.jar;C:\Users\wissem\.m2\repository\org\springframework\security\spring-security-core\6.0.2\spring-security-core-6.0.2.jar;C:\Users\wissem\.m2\repository\org\springframework\security\spring-security-crypto\6.0.2\spring-security-crypto-6.0.2.jar;C:\Users\wissem\.m2\repository\org\springframework\security\spring-security-oauth2-resource-server\6.0.2\spring-security-oauth2-resource-server-6.0.2.jar;C:\Users\wissem\.m2\repository\org\springframework\security\spring-security-oauth2-core\6.0.2\spring-security-oauth2-core-6.0.2.jar;C:\Users\wissem\.m2\repository\org\springframework\security\spring-security-oauth2-jose\6.0.2\spring-security-oa
Launcher Type: SUN_STANDARD

[Global flags]
     intx CICompilerCount                          = 3                                         {product} {ergonomic}
     uint ConcGCThreads                            = 1                                         {product} {ergonomic}
     uint G1ConcRefinementThreads                  = 4                                         {product} {ergonomic}
   size_t G1HeapRegionSize                         = 1048576                                   {product} {ergonomic}
    uintx GCDrainStackTargetSize                   = 64                                        {product} {ergonomic}
   size_t InitialHeapSize                          = 100663296                                 {product} {ergonomic}
   size_t MarkStackSize                            = 4194304                                   {product} {ergonomic}
   size_t MaxHeapSize                              = 1587544064                                {product} {ergonomic}
   size_t MaxNewSize                               = 952107008                                 {product} {ergonomic}
   size_t MinHeapDeltaBytes                        = 1048576                                   {product} {ergonomic}
   size_t MinHeapSize                              = 8388608                                   {product} {ergonomic}
    uintx NonNMethodCodeHeapSize                   = 5832780                                {pd product} {ergonomic}
    uintx NonProfiledCodeHeapSize                  = 122912730                              {pd product} {ergonomic}
    uintx ProfiledCodeHeapSize                     = 122912730                              {pd product} {ergonomic}
    uintx ReservedCodeCacheSize                    = 251658240                              {pd product} {ergonomic}
     bool SegmentedCodeCache                       = true                                      {product} {ergonomic}
   size_t SoftMaxHeapSize                          = 1587544064                             {manageable} {ergonomic}
     bool UseCompressedClassPointers               = true                           {product lp64_product} {ergonomic}
     bool UseCompressedOops                        = true                           {product lp64_product} {ergonomic}
     bool UseG1GC                                  = true                                      {product} {ergonomic}
     bool UseLargePagesIndividualAllocation        = false                                  {pd product} {ergonomic}

Logging:
Log output configuration:
 #0: stdout all=warning uptime,level,tags
 #1: stderr all=off uptime,level,tags

Environment Variables:
PATH=C:\Program Files\Common Files\Oracle\Java\javapath;C:\WINDOWS\system32;C:\WINDOWS;C:\WINDOWS\System32\Wbem;C:\WINDOWS\System32\WindowsPowerShell\v1.0\;C:\WINDOWS\System32\OpenSSH\;C:\Program Files\nodejs\;C:\Program Files\Git\cmd;C:\Users\wissem\AppData\Local\Microsoft\WindowsApps;C:\Users\wissem\AppData\Local\Programs\Microsoft VS Code\bin;C:\Users\wissem\AppData\Roaming\npm;C:\Program Files\JetBrains\WebStorm 2023.1\bin
USERNAME=wissem
OS=Windows_NT
PROCESSOR_IDENTIFIER=Intel64 Family 6 Model 61 Stepping 4, GenuineIntel



---------------  S Y S T E M  ---------------

OS:
 Windows 10 , 64 bit Build 19041 (10.0.19041.3155)
OS uptime: 2 days 0:44 hours

CPU: total 4 (initial active 4) (2 cores per cpu, 2 threads per core) family 6 model 61 stepping 4 microcode 0x2d, cx8, cmov, fxsr, ht, mmx, 3dnowpref, sse, sse2, sse3, ssse3, sse4.1, sse4.2, popcnt, lzcnt, tsc, tscinvbit, avx, avx2, aes, erms, clmul, bmi1, bmi2, adx, fma, vzeroupper, clflush

Memory: 4k page, system-wide physical 6053M (506M free)
TotalPageFile size 24485M (AvailPageFile size 1M)
current process WorkingSet (physical memory assigned to process): 224M, peak: 346M
current process commit charge ("private bytes"): 404M, peak: 408M

vm_info: Java HotSpot(TM) 64-Bit Server VM (17.0.6+9-LTS-190) for windows-amd64 JRE (17.0.6+9-LTS-190), built on Dec  6 2022 15:53:54 by "mach5one" with MS VC++ 17.1 (VS2022)

END.
