#
# There is insufficient memory for the Java Runtime Environment to continue.
# Native memory allocation (malloc) failed to allocate 1581936 bytes for Chunk::new
# Possible reasons:
#   The system is out of physical RAM or swap space
#   The process is running with CompressedOops enabled, and the Java Heap may be blocking the growth of the native heap
# Possible solutions:
#   Reduce memory load on the system
#   Increase physical memory or swap space
#   Check if swap backing store is full
#   Decrease Java heap size (-Xmx/-Xms)
#   Decrease number of Java threads
#   Decrease Java thread stack sizes (-Xss)
#   Set larger code cache with -XX:ReservedCodeCacheSize=
#   JVM is running with Unscaled Compressed Oops mode in which the Java heap is
#     placed in the first 4GB address space. The Java Heap base address is the
#     maximum limit for the native heap growth. Please use -XX:HeapBaseMinAddress
#     to set the Java Heap base and to place the Java Heap above 4GB virtual address.
# This output file may be truncated or incomplete.
#
#  Out of Memory Error (arena.cpp:189), pid=256, tid=5104
#
# JRE version: Java(TM) SE Runtime Environment (17.0.6+9) (build 17.0.6+9-LTS-190)
# Java VM: Java HotSpot(TM) 64-Bit Server VM (17.0.6+9-LTS-190, mixed mode, sharing, tiered, compressed oops, compressed class ptrs, g1 gc, windows-amd64)
# No core dump will be written. Minidumps are not enabled by default on client versions of Windows
#

---------------  S U M M A R Y ------------

Command Line: -javaagent:C:\Program Files\JetBrains\IntelliJ IDEA Community Edition 2022.3.3\lib\idea_rt.jar=65442:C:\Program Files\JetBrains\IntelliJ IDEA Community Edition 2022.3.3\bin -Dfile.encoding=UTF-8 com.insy2s.GatewayServise.GatewayServiceApplication

Host: Intel(R) Core(TM) i5-5200U CPU @ 2.20GHz, 4 cores, 5G,  Windows 10 , 64 bit Build 19041 (10.0.19041.3155)
Time: Tue Sep 19 15:33:54 2023 Paris, Madrid (heure duild 19041 (10.0.19041.3155) elapsed time: 2707.418084 seconds (0d 0h 45m 7s)

---------------  T H R E A D  ---------------

Current thread (0x0000022c63982a90):  JavaThread "C2 CompilerThread0" daemon [_thread_in_native, id=5104, stack(0x0000006fdd100000,0x0000006fdd200000)]


Current CompileTask:
C2:2707418 11059       4       org.springframework.cloud.gateway.filter.RouteToRequestUrlFilter::filter (202 bytes)

Stack: [0x0000006fdd100000,0x0000006fdd200000]
Native frames: (J=compiled Java code, j=interpreted, Vv=VM code, C=native code)
V  [jvm.dll+0x6734ea]
V  [jvm.dll+0x7d18f4]
V  [jvm.dll+0x7d309e]
V  [jvm.dll+0x7d3703]
V  [jvm.dll+0x2433c5]
V  [jvm.dll+0xaa46b]
V  [jvm.dll+0xaaa0c]
V  [jvm.dll+0x35eadf]
V  [jvm.dll+0x329401]
V  [jvm.dll+0x32889a]
V  [jvm.dll+0x215ddf]
V  [jvm.dll+0x215211]
V  [jvm.dll+0x1a1730]
V  [jvm.dll+0x224b6e]
V  [jvm.dll+0x222f15]
V  [jvm.dll+0x78753c]
V  [jvm.dll+0x781a7a]
V  [jvm.dll+0x672375]
C  [ucrtbase.dll+0x21bb2]
C  [KERNEL32.DLL+0x17614]
C  [ntdll.dll+0x526b1]


---------------  P R O C E S S  ---------------

Threads class SMR info:
_java_thread_list=0x0000022c68755d00, length=28, elements={
0x0000022c639247c0, 0x0000022c63925ce0, 0x0000022c6397c350, 0x0000022c6397ed20,
0x0000022c63980d90, 0x0000022c63981650, 0x0000022c63982a90, 0x0000022c639890f0,
0x0000022c6398a930, 0x0000022c645d3d80, 0x0000022c648c3df0, 0x0000022c6475c2f0,
0x0000022c67f29460, 0x0000022c674a8630, 0x0000022c67f98050, 0x0000022c654a2eb0,
0x0000022c65284190, 0x0000022c67e2a060, 0x0000022c67e2cbb0, 0x0000022c67e2d080,
0x0000022c67e2d550, 0x0000022c67e2da20, 0x0000022c67e2b3a0, 0x0000022c67e2aa00,
0x0000022c67e2bd40, 0x0000022c67e2aed0, 0x0000022c67e2b870, 0x0000022c65bee8b0
}

Java Threads: ( => current thread )
  0x0000022c639247c0 JavaThread "Reference Handler" daemon [_thread_blocked, id=18332, stack(0x0000006fdcb00000,0x0000006fdcc00000)]
  0x0000022c63925ce0 JavaThread "Finalizer" daemon [_thread_blocked, id=15636, stack(0x0000006fdcc00000,0x0000006fdcd00000)]
  0x0000022c6397c350 JavaThread "Signal Dispatcher" daemon [_thread_blocked, id=17708, stack(0x0000006fdcd00000,0x0000006fdce00000)]
  0x0000022c6397ed20 JavaThread "Attach Listener" daemon [_thread_blocked, id=576, stack(0x0000006fdce00000,0x0000006fdcf00000)]
  0x0000022c63980d90 JavaThread "Service Thread" daemon [_thread_blocked, id=1988, stack(0x0000006fdcf00000,0x0000006fdd000000)]
  0x0000022c63981650 JavaThread "Monitor Deflation Thread" daemon [_thread_blocked, id=5928, stack(0x0000006fdd000000,0x0000006fdd100000)]
=>0x0000022c63982a90 JavaThread "C2 CompilerThread0" daemon [_thread_in_native, id=5104, stack(0x0000006fdd100000,0x0000006fdd200000)]
  0x0000022c639890f0 JavaThread "C1 CompilerThread0" daemon [_thread_blocked, id=17116, stack(0x0000006fdd200000,0x0000006fdd300000)]
  0x0000022c6398a930 JavaThread "Sweeper thread" daemon [_thread_blocked, id=17580, stack(0x0000006fdd300000,0x0000006fdd400000)]
  0x0000022c645d3d80 JavaThread "Common-Cleaner" daemon [_thread_blocked, id=13896, stack(0x0000006fdd400000,0x0000006fdd500000)]
  0x0000022c648c3df0 JavaThread "Monitor Ctrl-Break" daemon [_thread_in_native, id=7764, stack(0x0000006fdd600000,0x0000006fdd700000)]
  0x0000022c6475c2f0 JavaThread "Notification Thread" daemon [_thread_blocked, id=19152, stack(0x0000006fdd700000,0x0000006fdd800000)]
  0x0000022c67f29460 JavaThread "boundedElastic-evictor-1" daemon [_thread_blocked, id=7512, stack(0x0000006fdde00000,0x0000006fddf00000)]
  0x0000022c674a8630 JavaThread "spring.cloud.inetutils" daemon [_thread_blocked, id=16688, stack(0x0000006fddf00000,0x0000006fde000000)]
  0x0000022c67f98050 JavaThread "AsyncResolver-bootstrap-0" daemon [_thread_blocked, id=12480, stack(0x0000006fde000000,0x0000006fde100000)]
  0x0000022c654a2eb0 JavaThread "DiscoveryClient-0" daemon [_thread_blocked, id=212, stack(0x0000006fddd00000,0x0000006fdde00000)]
  0x0000022c65284190 JavaThread "DiscoveryClient-1" daemon [_thread_blocked, id=18828, stack(0x0000006fde100000,0x0000006fde200000)]
  0x0000022c67e2a060 JavaThread "DiscoveryClient-InstanceInfoReplicator-0" daemon [_thread_blocked, id=17664, stack(0x0000006fde200000,0x0000006fde300000)]
  0x0000022c67e2cbb0 JavaThread "reactor-http-nio-1" daemon [_thread_in_native, id=4568, stack(0x0000006fde400000,0x0000006fde500000)]
  0x0000022c67e2d080 JavaThread "server" [_thread_blocked, id=17628, stack(0x0000006fde500000,0x0000006fde600000)]
  0x0000022c67e2d550 JavaThread "DestroyJavaVM" [_thread_blocked, id=356, stack(0x0000006fdc400000,0x0000006fdc500000)]
  0x0000022c67e2da20 JavaThread "DiscoveryClient-HeartbeatExecutor-0" daemon [_thread_blocked, id=14920, stack(0x0000006fde700000,0x0000006fde800000)]
  0x0000022c67e2b3a0 JavaThread "DiscoveryClient-CacheRefreshExecutor-0" daemon [_thread_blocked, id=15592, stack(0x0000006fde800000,0x0000006fde900000)]
  0x0000022c67e2aa00 JavaThread "reactor-http-nio-2" daemon [_thread_in_native, id=9480, stack(0x0000006fdc200000,0x0000006fdc300000)]
  0x0000022c67e2bd40 JavaThread "reactor-http-nio-3" daemon [_thread_in_native, id=12028, stack(0x0000006fdc300000,0x0000006fdc400000)]
  0x0000022c67e2aed0 JavaThread "reactor-http-nio-4" daemon [_thread_in_native, id=11664, stack(0x0000006fddc00000,0x0000006fddd00000)]
  0x0000022c67e2b870 JavaThread "Thread-7" daemon [_thread_in_native, id=3536, stack(0x0000006fde900000,0x0000006fdea00000)]
  0x0000022c65bee8b0 JavaThread "AsyncResolver-bootstrap-executor-0" daemon [_thread_blocked, id=15464, stack(0x0000006fde600000,0x0000006fde700000)]

Other Threads:
  0x0000022c63969010 VMThread "VM Thread" [stack: 0x0000006fdca00000,0x0000006fdcb00000] [id=18412]
  0x0000022c648c42c0 WatcherThread [stack: 0x0000006fdd800000,0x0000006fdd900000] [id=16216]
  0x0000022c4742d970 GCTaskThread "GC Thread#0" [stack: 0x0000006fdc500000,0x0000006fdc600000] [id=16904]
  0x0000022c64c3aad0 GCTaskThread "GC Thread#1" [stack: 0x0000006fdda00000,0x0000006fddb00000] [id=14192]
  0x0000022c64eba580 GCTaskThread "GC Thread#2" [stack: 0x0000006fdd900000,0x0000006fdda00000] [id=18976]
  0x0000022c64f44eb0 GCTaskThread "GC Thread#3" [stack: 0x0000006fddb00000,0x0000006fddc00000] [id=7776]
  0x0000022c4743b510 ConcurrentGCThread "G1 Main Marker" [stack: 0x0000006fdc600000,0x0000006fdc700000] [id=15692]
  0x0000022c4743be30 ConcurrentGCThread "G1 Conc#0" [stack: 0x0000006fdc700000,0x0000006fdc800000] [id=3324]
  0x0000022c4749ef90 ConcurrentGCThread "G1 Refine#0" [stack: 0x0000006fdc800000,0x0000006fdc900000] [id=18424]
  0x0000022c4749f8c0 ConcurrentGCThread "G1 Service" [stack: 0x0000006fdc900000,0x0000006fdca00000] [id=12784]

Threads with active compile tasks:
C2 CompilerThread0  2707485 11059       4       org.springframework.cloud.gateway.filter.RouteToRequestUrlFilter::filter (202 bytes)

VM state: not at safepoint (normal execution)

VM Mutex/Monitor currently owned by a thread: None

Heap address: 0x00000000a1600000, size: 1514 MB, Compressed Oops mode: 32-bit

CDS archive(s) mapped at: [0x0000000800000000-0x0000000800bd0000-0x0000000800bd0000), size 12386304, SharedBaseAddress: 0x0000000800000000, ArchiveRelocationMode: 0.
Compressed class space mapped at: 0x0000000800c00000-0x0000000840c00000, reserved size: 1073741824
Narrow klass base: 0x0000000800000000, Narrow klass shift: 0, Narrow klass range: 0x100000000

GC Precious Log:
 CPUs: 4 total, 4 available
 Memory: 6053M
 Large Page Support: Disabled
 NUMA Support: Disabled
 Compressed Oops: Enabled (32-bit)
 Heap Region Size: 1M
 Heap Min Capacity: 8M
 Heap Initial Capacity: 96M
 Heap Max Capacity: 1514M
 Pre-touch: Disabled
 Parallel Workers: 4
 Concurrent Workers: 1
 Concurrent Refinement Workers: 4
 Periodic GC: Disabled

Heap:
 garbage-first heap   total 59392K, used 49395K [0x00000000a1600000, 0x0000000100000000)
  region size 1024K, 25 young (25600K), 1 survivors (1024K)
 Metaspace       used 52533K, committed 52992K, reserved 1097728K
  class space    used 6683K, committed 6976K, reserved 1048576K

Heap Regions: E=young(eden), S=young(survivor), O=old, HS=humongous(starts), HC=humongous(continues), CS=collection set, F=free, OA=open archive, CA=closed archive, TAMS=top-at-mark-start (previous, next)
|   0|0x00000000a1600000, 0x00000000a1700000, 0x00000000a1700000|100%| O|  |TAMS 0x00000000a1700000, 0x00000000a1600000| Untracked 
|   1|0x00000000a1700000, 0x00000000a1800000, 0x00000000a1800000|100%| O|  |TAMS 0x00000000a1800000, 0x00000000a1700000| Untracked 
|   2|0x00000000a1800000, 0x00000000a1900000, 0x00000000a1900000|100%| O|  |TAMS 0x00000000a1900000, 0x00000000a1800000| Untracked 
|   3|0x00000000a1900000, 0x00000000a1a00000, 0x00000000a1a00000|100%| O|  |TAMS 0x00000000a1a00000, 0x00000000a1900000| Untracked 
|   4|0x00000000a1a00000, 0x00000000a1b00000, 0x00000000a1b00000|100%| O|  |TAMS 0x00000000a1b00000, 0x00000000a1a00000| Untracked 
|   5|0x00000000a1b00000, 0x00000000a1c00000, 0x00000000a1c00000|100%| O|  |TAMS 0x00000000a1c00000, 0x00000000a1b00000| Untracked 
|   6|0x00000000a1c00000, 0x00000000a1d00000, 0x00000000a1d00000|100%| O|  |TAMS 0x00000000a1d00000, 0x00000000a1c00000| Untracked 
|   7|0x00000000a1d00000, 0x00000000a1e00000, 0x00000000a1e00000|100%| O|  |TAMS 0x00000000a1e00000, 0x00000000a1d00000| Untracked 
|   8|0x00000000a1e00000, 0x00000000a1ed1000, 0x00000000a1f00000| 81%| O|  |TAMS 0x00000000a1ed1000, 0x00000000a1e00000| Untracked 
|   9|0x00000000a1f00000, 0x00000000a2000000, 0x00000000a2000000|100%| O|  |TAMS 0x00000000a2000000, 0x00000000a1f00000| Untracked 
|  10|0x00000000a2000000, 0x00000000a2100000, 0x00000000a2100000|100%| O|  |TAMS 0x00000000a2100000, 0x00000000a2000000| Untracked 
|  11|0x00000000a2100000, 0x00000000a2119c00, 0x00000000a2200000| 10%| O|  |TAMS 0x00000000a2100000, 0x00000000a2100000| Untracked 
|  12|0x00000000a2200000, 0x00000000a2300000, 0x00000000a2300000|100%| O|  |TAMS 0x00000000a2300000, 0x00000000a2200000| Untracked 
|  13|0x00000000a2300000, 0x00000000a2400000, 0x00000000a2400000|100%| O|  |TAMS 0x00000000a2300000, 0x00000000a2300000| Untracked 
|  14|0x00000000a2400000, 0x00000000a2400000, 0x00000000a2500000|  0%| F|  |TAMS 0x00000000a2400000, 0x00000000a2400000| Untracked 
|  15|0x00000000a2500000, 0x00000000a2600000, 0x00000000a2600000|100%| O|  |TAMS 0x00000000a2600000, 0x00000000a2500000| Untracked 
|  16|0x00000000a2600000, 0x00000000a2700000, 0x00000000a2700000|100%| O|  |TAMS 0x00000000a2700000, 0x00000000a2600000| Untracked 
|  17|0x00000000a2700000, 0x00000000a2700000, 0x00000000a2800000|  0%| F|  |TAMS 0x00000000a2700000, 0x00000000a2700000| Untracked 
|  18|0x00000000a2800000, 0x00000000a2800000, 0x00000000a2900000|  0%| F|  |TAMS 0x00000000a2800000, 0x00000000a2800000| Untracked 
|  19|0x00000000a2900000, 0x00000000a2900000, 0x00000000a2a00000|  0%| F|  |TAMS 0x00000000a2900000, 0x00000000a2900000| Untracked 
|  20|0x00000000a2a00000, 0x00000000a2a00000, 0x00000000a2b00000|  0%| F|  |TAMS 0x00000000a2a00000, 0x00000000a2a00000| Untracked 
|  21|0x00000000a2b00000, 0x00000000a2c00000, 0x00000000a2c00000|100%| O|  |TAMS 0x00000000a2c00000, 0x00000000a2b00000| Untracked 
|  22|0x00000000a2c00000, 0x00000000a2d00000, 0x00000000a2d00000|100%| O|  |TAMS 0x00000000a2d00000, 0x00000000a2c00000| Untracked 
|  23|0x00000000a2d00000, 0x00000000a2e00000, 0x00000000a2e00000|100%| O|  |TAMS 0x00000000a2e00000, 0x00000000a2d00000| Untracked 
|  24|0x00000000a2e00000, 0x00000000a2f00000, 0x00000000a2f00000|100%| O|  |TAMS 0x00000000a2f00000, 0x00000000a2e00000| Untracked 
|  25|0x00000000a2f00000, 0x00000000a2fffff8, 0x00000000a3000000| 99%| O|  |TAMS 0x00000000a2f00000, 0x00000000a2f00000| Untracked 
|  26|0x00000000a3000000, 0x00000000a3100000, 0x00000000a3100000|100%| O|  |TAMS 0x00000000a3100000, 0x00000000a3000000| Untracked 
|  27|0x00000000a3100000, 0x00000000a3200000, 0x00000000a3200000|100%| O|  |TAMS 0x00000000a3200000, 0x00000000a3100000| Untracked 
|  28|0x00000000a3200000, 0x00000000a3300000, 0x00000000a3300000|100%| O|  |TAMS 0x00000000a3300000, 0x00000000a3200000| Untracked 
|  29|0x00000000a3300000, 0x00000000a3400000, 0x00000000a3400000|100%| O|  |TAMS 0x00000000a3380a00, 0x00000000a3300000| Untracked 
|  30|0x00000000a3400000, 0x00000000a3500000, 0x00000000a3500000|100%| O|  |TAMS 0x00000000a3400000, 0x00000000a3400000| Untracked 
|  31|0x00000000a3500000, 0x00000000a3500000, 0x00000000a3600000|  0%| F|  |TAMS 0x00000000a3500000, 0x00000000a3500000| Untracked 
|  32|0x00000000a3600000, 0x00000000a3600000, 0x00000000a3700000|  0%| F|  |TAMS 0x00000000a3600000, 0x00000000a3600000| Untracked 
|  33|0x00000000a3700000, 0x00000000a3752088, 0x00000000a3800000| 32%| S|CS|TAMS 0x00000000a3700000, 0x00000000a3700000| Complete 
|  34|0x00000000a3800000, 0x00000000a3848f58, 0x00000000a3900000| 28%| E|  |TAMS 0x00000000a3800000, 0x00000000a3800000| Complete 
|  35|0x00000000a3900000, 0x00000000a3a00000, 0x00000000a3a00000|100%| E|CS|TAMS 0x00000000a3900000, 0x00000000a3900000| Complete 
|  36|0x00000000a3a00000, 0x00000000a3b00000, 0x00000000a3b00000|100%| E|CS|TAMS 0x00000000a3a00000, 0x00000000a3a00000| Complete 
|  37|0x00000000a3b00000, 0x00000000a3c00000, 0x00000000a3c00000|100%| E|CS|TAMS 0x00000000a3b00000, 0x00000000a3b00000| Complete 
|  38|0x00000000a3c00000, 0x00000000a3d00000, 0x00000000a3d00000|100%| E|CS|TAMS 0x00000000a3c00000, 0x00000000a3c00000| Complete 
|  39|0x00000000a3d00000, 0x00000000a3e00000, 0x00000000a3e00000|100%| E|CS|TAMS 0x00000000a3d00000, 0x00000000a3d00000| Complete 
|  40|0x00000000a3e00000, 0x00000000a3f00000, 0x00000000a3f00000|100%| E|CS|TAMS 0x00000000a3e00000, 0x00000000a3e00000| Complete 
|  41|0x00000000a3f00000, 0x00000000a4000000, 0x00000000a4000000|100%| E|CS|TAMS 0x00000000a3f00000, 0x00000000a3f00000| Complete 
|  42|0x00000000a4000000, 0x00000000a4100000, 0x00000000a4100000|100%| E|CS|TAMS 0x00000000a4000000, 0x00000000a4000000| Complete 
|  43|0x00000000a4100000, 0x00000000a4200000, 0x00000000a4200000|100%| E|CS|TAMS 0x00000000a4100000, 0x00000000a4100000| Complete 
|  44|0x00000000a4200000, 0x00000000a4300000, 0x00000000a4300000|100%| E|CS|TAMS 0x00000000a4200000, 0x00000000a4200000| Complete 
|  45|0x00000000a4300000, 0x00000000a4400000, 0x00000000a4400000|100%| E|CS|TAMS 0x00000000a4300000, 0x00000000a4300000| Complete 
|  46|0x00000000a4400000, 0x00000000a4500000, 0x00000000a4500000|100%| E|CS|TAMS 0x00000000a4400000, 0x00000000a4400000| Complete 
|  47|0x00000000a4500000, 0x00000000a4600000, 0x00000000a4600000|100%| E|CS|TAMS 0x00000000a4500000, 0x00000000a4500000| Complete 
|  48|0x00000000a4600000, 0x00000000a4700000, 0x00000000a4700000|100%| E|CS|TAMS 0x00000000a4600000, 0x00000000a4600000| Complete 
|  49|0x00000000a4700000, 0x00000000a4800000, 0x00000000a4800000|100%| E|CS|TAMS 0x00000000a4700000, 0x00000000a4700000| Complete 
|  50|0x00000000a4800000, 0x00000000a4900000, 0x00000000a4900000|100%| E|CS|TAMS 0x00000000a4800000, 0x00000000a4800000| Complete 
|  51|0x00000000a4900000, 0x00000000a4a00000, 0x00000000a4a00000|100%| E|CS|TAMS 0x00000000a4900000, 0x00000000a4900000| Complete 
|  52|0x00000000a4a00000, 0x00000000a4b00000, 0x00000000a4b00000|100%| E|CS|TAMS 0x00000000a4a00000, 0x00000000a4a00000| Complete 
|  88|0x00000000a6e00000, 0x00000000a6f00000, 0x00000000a6f00000|100%| E|CS|TAMS 0x00000000a6e00000, 0x00000000a6e00000| Complete 
|  89|0x00000000a6f00000, 0x00000000a7000000, 0x00000000a7000000|100%| E|CS|TAMS 0x00000000a6f00000, 0x00000000a6f00000| Complete 
|  90|0x00000000a7000000, 0x00000000a7100000, 0x00000000a7100000|100%| E|CS|TAMS 0x00000000a7000000, 0x00000000a7000000| Complete 
|  91|0x00000000a7100000, 0x00000000a7200000, 0x00000000a7200000|100%| E|CS|TAMS 0x00000000a7100000, 0x00000000a7100000| Complete 
|  95|0x00000000a7500000, 0x00000000a7600000, 0x00000000a7600000|100%| E|CS|TAMS 0x00000000a7500000, 0x00000000a7500000| Complete 

Card table byte_map: [0x0000022c5df60000,0x0000022c5e260000] _byte_map_base: 0x0000022c5da55000

Marking Bits (Prev, Next): (CMBitMap*) 0x0000022c4742eea0, (CMBitMap*) 0x0000022c4742eee0
 Prev Bits: [0x0000022c5e560000, 0x0000022c5fd08000)
 Next Bits: [0x0000022c5fd10000, 0x0000022c614b8000)

Polling page: 0x0000022c45380000

Metaspace:

Usage:
  Non-class:     44.78 MB used.
      Class:      6.53 MB used.
       Both:     51.30 MB used.

Virtual space:
  Non-class space:       48.00 MB reserved,      44.94 MB ( 94%) committed,  6 nodes.
      Class space:        1.00 GB reserved,       6.81 MB ( <1%) committed,  1 nodes.
             Both:        1.05 GB reserved,      51.75 MB (  5%) committed. 

Chunk freelists:
   Non-Class:  2.83 MB
       Class:  1.30 MB
        Both:  4.13 MB

MaxMetaspaceSize: unlimited
CompressedClassSpaceSize: 1.00 GB
Initial GC threshold: 21.00 MB
Current GC threshold: 85.56 MB
CDS: on
MetaspaceReclaimPolicy: balanced
 - commit_granule_bytes: 65536.
 - commit_granule_words: 8192.
 - virtual_space_node_default_size: 1048576.
 - enlarge_chunks_in_place: 1.
 - new_chunks_are_fully_committed: 0.
 - uncommit_free_chunks: 1.
 - use_allocation_guard: 0.
 - handle_deallocations: 1.


Internal statistics:

num_allocs_failed_limit: 6.
num_arena_births: 660.
num_arena_deaths: 162.
num_vsnodes_births: 7.
num_vsnodes_deaths: 0.
num_space_committed: 828.
num_space_uncommitted: 0.
num_chunks_returned_to_freelist: 190.
num_chunks_taken_from_freelist: 2631.
num_chunk_merges: 52.
num_chunk_splits: 1757.
num_chunks_enlarged: 1327.
num_purges: 2.
num_inconsistent_stats: 0.

CodeHeap 'non-profiled nmethods': size=120000Kb used=8930Kb max_used=8930Kb free=111069Kb
 bounds [0x0000022c56730000, 0x0000022c56ff0000, 0x0000022c5dc60000]
CodeHeap 'profiled nmethods': size=120000Kb used=17373Kb max_used=19042Kb free=102626Kb
 bounds [0x0000022c4ec60000, 0x0000022c4ff20000, 0x0000022c56190000]
CodeHeap 'non-nmethods': size=5760Kb used=1297Kb max_used=1372Kb free=4462Kb
 bounds [0x0000022c56190000, 0x0000022c56400000, 0x0000022c56730000]
 total_blobs=9831 nmethods=9209 adapters=534
 compilation: enabled
              stopped_count=0, restarted_count=0
 full_count=0

Compilation events (20 events):
Event: 2704.856 Thread 0x0000022c639890f0 nmethod 11049 0x0000022c4f42e990 code [0x0000022c4f42ebc0, 0x0000022c4f42f248]
Event: 2704.856 Thread 0x0000022c639890f0 11050       3       io.netty.channel.DefaultChannelPipeline::invokeHandlerAddedIfNeeded (48 bytes)
Event: 2704.856 Thread 0x0000022c639890f0 nmethod 11050 0x0000022c4f9bbb90 code [0x0000022c4f9bbd40, 0x0000022c4f9bbec8]
Event: 2704.856 Thread 0x0000022c639890f0 11051       3       io.netty.channel.AbstractChannelHandlerContext::fireChannelRegistered (10 bytes)
Event: 2704.857 Thread 0x0000022c639890f0 nmethod 11051 0x0000022c4fad5590 code [0x0000022c4fad5740, 0x0000022c4fad58b8]
Event: 2705.479 Thread 0x0000022c63982a90 11052       4       reactor.core.publisher.FluxDoFinally$DoFinallySubscriber::request (11 bytes)
Event: 2705.480 Thread 0x0000022c63982a90 nmethod 11052 0x0000022c56fe3a10 code [0x0000022c56fe3ba0, 0x0000022c56fe3c78]
Event: 2705.647 Thread 0x0000022c63982a90 11053       4       reactor.netty.internal.shaded.reactor.pool.SimpleDequePool$QueuePoolRecyclerInner::onSubscribe (41 bytes)
Event: 2705.654 Thread 0x0000022c63982a90 nmethod 11053 0x0000022c56fe3d90 code [0x0000022c56fe3f20, 0x0000022c56fe42d8]
Event: 2706.979 Thread 0x0000022c63982a90 11054       4       reactor.netty.channel.MonoSendMany$SendManyInner::onComplete (20 bytes)
Event: 2707.001 Thread 0x0000022c63982a90 nmethod 11054 0x0000022c56fe4610 code [0x0000022c56fe4820, 0x0000022c56fe5220]
Event: 2707.001 Thread 0x0000022c63982a90 11055       4       reactor.core.publisher.FluxSource::subscribe (11 bytes)
Event: 2707.015 Thread 0x0000022c63982a90 nmethod 11055 0x0000022c56fe5a90 code [0x0000022c56fe5c80, 0x0000022c56fe65d8]
Event: 2707.016 Thread 0x0000022c63982a90 11056   !   4       org.springframework.http.server.reactive.ChannelSendOperator$WriteBarrier::subscribe (81 bytes)
Event: 2707.030 Thread 0x0000022c63982a90 nmethod 11056 0x0000022c56fe6c10 code [0x0000022c56fe6e00, 0x0000022c56fe76d8]
Event: 2707.031 Thread 0x0000022c63982a90 11057       4       org.springframework.http.server.reactive.ChannelSendOperator$WriteCompletionBarrier::onComplete (10 bytes)
Event: 2707.035 Thread 0x0000022c63982a90 nmethod 11057 0x0000022c56fe7c90 code [0x0000022c56fe7e40, 0x0000022c56fe8058]
Event: 2707.035 Thread 0x0000022c63982a90 11058   !   4       reactor.core.publisher.FluxPeekFuseable$PeekConditionalSubscriber::onComplete (110 bytes)
Event: 2707.040 Thread 0x0000022c63982a90 nmethod 11058 0x0000022c56fe8310 code [0x0000022c56fe84e0, 0x0000022c56fe8798]
Event: 2707.073 Thread 0x0000022c63982a90 11059       4       org.springframework.cloud.gateway.filter.RouteToRequestUrlFilter::filter (202 bytes)

GC Heap History (20 events):
Event: 1755.325 GC heap before
{Heap before GC invocations=37 (full 0):
 garbage-first heap   total 59392K, used 51171K [0x00000000a1600000, 0x0000000100000000)
  region size 1024K, 26 young (26624K), 1 survivors (1024K)
 Metaspace       used 52352K, committed 52864K, reserved 1097728K
  class space    used 6681K, committed 6976K, reserved 1048576K
}
Event: 1755.328 GC heap after
{Heap after GC invocations=38 (full 0):
 garbage-first heap   total 59392K, used 25552K [0x00000000a1600000, 0x0000000100000000)
  region size 1024K, 1 young (1024K), 1 survivors (1024K)
 Metaspace       used 52352K, committed 52864K, reserved 1097728K
  class space    used 6681K, committed 6976K, reserved 1048576K
}
Event: 1762.353 GC heap before
{Heap before GC invocations=38 (full 0):
 garbage-first heap   total 59392K, used 51152K [0x00000000a1600000, 0x0000000100000000)
  region size 1024K, 26 young (26624K), 1 survivors (1024K)
 Metaspace       used 52365K, committed 52864K, reserved 1097728K
  class space    used 6681K, committed 6976K, reserved 1048576K
}
Event: 1762.355 GC heap after
{Heap after GC invocations=39 (full 0):
 garbage-first heap   total 59392K, used 25567K [0x00000000a1600000, 0x0000000100000000)
  region size 1024K, 1 young (1024K), 1 survivors (1024K)
 Metaspace       used 52365K, committed 52864K, reserved 1097728K
  class space    used 6681K, committed 6976K, reserved 1048576K
}
Event: 2128.707 GC heap before
{Heap before GC invocations=39 (full 0):
 garbage-first heap   total 59392K, used 51167K [0x00000000a1600000, 0x0000000100000000)
  region size 1024K, 26 young (26624K), 1 survivors (1024K)
 Metaspace       used 52457K, committed 52928K, reserved 1097728K
  class space    used 6681K, committed 6976K, reserved 1048576K
}
Event: 2128.876 GC heap after
{Heap after GC invocations=40 (full 0):
 garbage-first heap   total 59392K, used 25837K [0x00000000a1600000, 0x0000000100000000)
  region size 1024K, 1 young (1024K), 1 survivors (1024K)
 Metaspace       used 52457K, committed 52928K, reserved 1097728K
  class space    used 6681K, committed 6976K, reserved 1048576K
}
Event: 2131.859 GC heap before
{Heap before GC invocations=40 (full 0):
 garbage-first heap   total 59392K, used 51437K [0x00000000a1600000, 0x0000000100000000)
  region size 1024K, 26 young (26624K), 1 survivors (1024K)
 Metaspace       used 52457K, committed 52928K, reserved 1097728K
  class space    used 6681K, committed 6976K, reserved 1048576K
}
Event: 2131.866 GC heap after
{Heap after GC invocations=41 (full 0):
 garbage-first heap   total 59392K, used 25881K [0x00000000a1600000, 0x0000000100000000)
  region size 1024K, 1 young (1024K), 1 survivors (1024K)
 Metaspace       used 52457K, committed 52928K, reserved 1097728K
  class space    used 6681K, committed 6976K, reserved 1048576K
}
Event: 2134.046 GC heap before
{Heap before GC invocations=41 (full 0):
 garbage-first heap   total 59392K, used 51481K [0x00000000a1600000, 0x0000000100000000)
  region size 1024K, 26 young (26624K), 1 survivors (1024K)
 Metaspace       used 52459K, committed 52928K, reserved 1097728K
  class space    used 6681K, committed 6976K, reserved 1048576K
}
Event: 2134.050 GC heap after
{Heap after GC invocations=42 (full 0):
 garbage-first heap   total 59392K, used 25920K [0x00000000a1600000, 0x0000000100000000)
  region size 1024K, 1 young (1024K), 1 survivors (1024K)
 Metaspace       used 52459K, committed 52928K, reserved 1097728K
  class space    used 6681K, committed 6976K, reserved 1048576K
}
Event: 2135.977 GC heap before
{Heap before GC invocations=42 (full 0):
 garbage-first heap   total 59392K, used 51520K [0x00000000a1600000, 0x0000000100000000)
  region size 1024K, 26 young (26624K), 1 survivors (1024K)
 Metaspace       used 52459K, committed 52928K, reserved 1097728K
  class space    used 6681K, committed 6976K, reserved 1048576K
}
Event: 2135.983 GC heap after
{Heap after GC invocations=43 (full 0):
 garbage-first heap   total 59392K, used 25836K [0x00000000a1600000, 0x0000000100000000)
  region size 1024K, 1 young (1024K), 1 survivors (1024K)
 Metaspace       used 52459K, committed 52928K, reserved 1097728K
  class space    used 6681K, committed 6976K, reserved 1048576K
}
Event: 2452.467 GC heap before
{Heap before GC invocations=43 (full 0):
 garbage-first heap   total 59392K, used 51436K [0x00000000a1600000, 0x0000000100000000)
  region size 1024K, 26 young (26624K), 1 survivors (1024K)
 Metaspace       used 52473K, committed 52928K, reserved 1097728K
  class space    used 6681K, committed 6976K, reserved 1048576K
}
Event: 2452.634 GC heap after
{Heap after GC invocations=44 (full 0):
 garbage-first heap   total 59392K, used 25857K [0x00000000a1600000, 0x0000000100000000)
  region size 1024K, 1 young (1024K), 1 survivors (1024K)
 Metaspace       used 52473K, committed 52928K, reserved 1097728K
  class space    used 6681K, committed 6976K, reserved 1048576K
}
Event: 2687.075 GC heap before
{Heap before GC invocations=44 (full 0):
 garbage-first heap   total 59392K, used 51457K [0x00000000a1600000, 0x0000000100000000)
  region size 1024K, 26 young (26624K), 1 survivors (1024K)
 Metaspace       used 52520K, committed 52992K, reserved 1097728K
  class space    used 6683K, committed 6976K, reserved 1048576K
}
Event: 2687.132 GC heap after
{Heap after GC invocations=45 (full 0):
 garbage-first heap   total 59392K, used 25855K [0x00000000a1600000, 0x0000000100000000)
  region size 1024K, 1 young (1024K), 1 survivors (1024K)
 Metaspace       used 52520K, committed 52992K, reserved 1097728K
  class space    used 6683K, committed 6976K, reserved 1048576K
}
Event: 2693.190 GC heap before
{Heap before GC invocations=45 (full 0):
 garbage-first heap   total 59392K, used 51455K [0x00000000a1600000, 0x0000000100000000)
  region size 1024K, 26 young (26624K), 1 survivors (1024K)
 Metaspace       used 52524K, committed 52992K, reserved 1097728K
  class space    used 6683K, committed 6976K, reserved 1048576K
}
Event: 2693.198 GC heap after
{Heap after GC invocations=46 (full 0):
 garbage-first heap   total 59392K, used 25836K [0x00000000a1600000, 0x0000000100000000)
  region size 1024K, 1 young (1024K), 1 survivors (1024K)
 Metaspace       used 52524K, committed 52992K, reserved 1097728K
  class space    used 6683K, committed 6976K, reserved 1048576K
}
Event: 2699.124 GC heap before
{Heap before GC invocations=46 (full 0):
 garbage-first heap   total 59392K, used 50412K [0x00000000a1600000, 0x0000000100000000)
  region size 1024K, 25 young (25600K), 1 survivors (1024K)
 Metaspace       used 52532K, committed 52992K, reserved 1097728K
  class space    used 6683K, committed 6976K, reserved 1048576K
}
Event: 2699.132 GC heap after
{Heap after GC invocations=47 (full 0):
 garbage-first heap   total 59392K, used 25843K [0x00000000a1600000, 0x0000000100000000)
  region size 1024K, 1 young (1024K), 1 survivors (1024K)
 Metaspace       used 52532K, committed 52992K, reserved 1097728K
  class space    used 6683K, committed 6976K, reserved 1048576K
}

Deoptimization events (20 events):
Event: 2542.874 Thread 0x0000022c67e2b3a0 Uncommon trap: trap_request=0xffffffde fr.pc=0x0000022c56a7ead4 relative=0x0000000000000154
Event: 2542.874 Thread 0x0000022c67e2b3a0 Uncommon trap: reason=class_check action=maybe_recompile pc=0x0000022c56a7ead4 method=java.lang.reflect.Array.newInstance(Ljava/lang/Class;I)Ljava/lang/Object; @ 2 c2
Event: 2542.874 Thread 0x0000022c67e2b3a0 DEOPT PACKING pc=0x0000022c56a7ead4 sp=0x0000006fde8fcdf0
Event: 2542.874 Thread 0x0000022c67e2b3a0 DEOPT UNPACKING pc=0x0000022c561e23a3 sp=0x0000006fde8fcd88 mode 2
Event: 2689.088 Thread 0x0000022c67e2cbb0 Uncommon trap: trap_request=0xffffff66 fr.pc=0x0000022c56f65420 relative=0x0000000000000500
Event: 2689.089 Thread 0x0000022c67e2cbb0 Uncommon trap: reason=speculate_class_check action=maybe_recompile pc=0x0000022c56f65420 method=io.netty.buffer.ByteBufUtil.copy(Lio/netty/util/AsciiString;ILio/netty/buffer/ByteBuf;I)V @ 85 c2
Event: 2689.089 Thread 0x0000022c67e2cbb0 DEOPT PACKING pc=0x0000022c56f65420 sp=0x0000006fde4fe980
Event: 2689.091 Thread 0x0000022c67e2cbb0 DEOPT UNPACKING pc=0x0000022c561e23a3 sp=0x0000006fde4fe938 mode 2
Event: 2691.737 Thread 0x0000022c67e2cbb0 Uncommon trap: trap_request=0xffffff66 fr.pc=0x0000022c56f65420 relative=0x0000000000000500
Event: 2691.737 Thread 0x0000022c67e2cbb0 Uncommon trap: reason=speculate_class_check action=maybe_recompile pc=0x0000022c56f65420 method=io.netty.buffer.ByteBufUtil.copy(Lio/netty/util/AsciiString;ILio/netty/buffer/ByteBuf;I)V @ 85 c2
Event: 2691.737 Thread 0x0000022c67e2cbb0 DEOPT PACKING pc=0x0000022c56f65420 sp=0x0000006fde4fe980
Event: 2691.737 Thread 0x0000022c67e2cbb0 DEOPT UNPACKING pc=0x0000022c561e23a3 sp=0x0000006fde4fe938 mode 2
Event: 2691.837 Thread 0x0000022c67e2cbb0 Uncommon trap: trap_request=0xffffff66 fr.pc=0x0000022c56f65420 relative=0x0000000000000500
Event: 2691.837 Thread 0x0000022c67e2cbb0 Uncommon trap: reason=speculate_class_check action=maybe_recompile pc=0x0000022c56f65420 method=io.netty.buffer.ByteBufUtil.copy(Lio/netty/util/AsciiString;ILio/netty/buffer/ByteBuf;I)V @ 85 c2
Event: 2691.837 Thread 0x0000022c67e2cbb0 DEOPT PACKING pc=0x0000022c56f65420 sp=0x0000006fde4fe980
Event: 2691.838 Thread 0x0000022c67e2cbb0 DEOPT UNPACKING pc=0x0000022c561e23a3 sp=0x0000006fde4fe938 mode 2
Event: 2694.609 Thread 0x0000022c67e2cbb0 Uncommon trap: trap_request=0xffffff66 fr.pc=0x0000022c56f65420 relative=0x0000000000000500
Event: 2694.609 Thread 0x0000022c67e2cbb0 Uncommon trap: reason=speculate_class_check action=maybe_recompile pc=0x0000022c56f65420 method=io.netty.buffer.ByteBufUtil.copy(Lio/netty/util/AsciiString;ILio/netty/buffer/ByteBuf;I)V @ 85 c2
Event: 2694.609 Thread 0x0000022c67e2cbb0 DEOPT PACKING pc=0x0000022c56f65420 sp=0x0000006fde4fe980
Event: 2694.609 Thread 0x0000022c67e2cbb0 DEOPT UNPACKING pc=0x0000022c561e23a3 sp=0x0000006fde4fe938 mode 2

Classes unloaded (20 events):
Event: 1579.078 Thread 0x0000022c63969010 Unloading class 0x0000000800edc800 'java/lang/invoke/LambdaForm$MH+0x0000000800edc800'
Event: 1579.078 Thread 0x0000022c63969010 Unloading class 0x0000000800edc400 'java/lang/invoke/LambdaForm$MH+0x0000000800edc400'
Event: 1579.079 Thread 0x0000022c63969010 Unloading class 0x0000000800edc000 'jdk/internal/reflect/GeneratedConstructorAccessor7'
Event: 1579.079 Thread 0x0000022c63969010 Unloading class 0x0000000800ed0400 'jdk/internal/reflect/GeneratedConstructorAccessor6'
Event: 1579.080 Thread 0x0000022c63969010 Unloading class 0x0000000800e4c000 'jdk/internal/reflect/GeneratedConstructorAccessor2'
Event: 1579.080 Thread 0x0000022c63969010 Unloading class 0x0000000800df4800 'java/lang/invoke/LambdaForm$DMH+0x0000000800df4800'
Event: 1579.080 Thread 0x0000022c63969010 Unloading class 0x0000000800db4400 'java/lang/invoke/LambdaForm$DMH+0x0000000800db4400'
Event: 1579.080 Thread 0x0000022c63969010 Unloading class 0x0000000800d35000 'java/lang/invoke/LambdaForm$MH+0x0000000800d35000'
Event: 1579.080 Thread 0x0000022c63969010 Unloading class 0x0000000800d34c00 'java/lang/invoke/LambdaForm$MH+0x0000000800d34c00'
Event: 1579.081 Thread 0x0000022c63969010 Unloading class 0x0000000800d34400 'java/lang/invoke/LambdaForm$MH+0x0000000800d34400'
Event: 1579.081 Thread 0x0000022c63969010 Unloading class 0x0000000800cbec00 'java/lang/invoke/LambdaForm$MH+0x0000000800cbec00'
Event: 1579.081 Thread 0x0000022c63969010 Unloading class 0x0000000800cbe000 'java/lang/invoke/LambdaForm$MH+0x0000000800cbe000'
Event: 1579.081 Thread 0x0000022c63969010 Unloading class 0x0000000800c21400 'java/lang/invoke/LambdaForm$MH+0x0000000800c21400'
Event: 1579.081 Thread 0x0000022c63969010 Unloading class 0x0000000800c21000 'java/lang/invoke/LambdaForm$MH+0x0000000800c21000'
Event: 1579.081 Thread 0x0000022c63969010 Unloading class 0x0000000800c20c00 'java/lang/invoke/LambdaForm$MH+0x0000000800c20c00'
Event: 1579.082 Thread 0x0000022c63969010 Unloading class 0x0000000800c20800 'java/lang/invoke/LambdaForm$MH+0x0000000800c20800'
Event: 1579.082 Thread 0x0000022c63969010 Unloading class 0x0000000800c20400 'java/lang/invoke/LambdaForm$MH+0x0000000800c20400'
Event: 1579.082 Thread 0x0000022c63969010 Unloading class 0x0000000800c11c00 'java/lang/invoke/LambdaForm$MH+0x0000000800c11c00'
Event: 1579.082 Thread 0x0000022c63969010 Unloading class 0x0000000800c11400 'java/lang/invoke/LambdaForm$MH+0x0000000800c11400'
Event: 1579.082 Thread 0x0000022c63969010 Unloading class 0x0000000800c10c00 'java/lang/invoke/LambdaForm$MH+0x0000000800c10c00'

Classes redefined (0 events):
No events

Internal exceptions (20 events):
Event: 131.400 Thread 0x0000022c67e2bd40 Exception <a 'java/lang/NoSuchMethodError'{0x00000000a3eab5a0}: 'java.lang.Object java.lang.invoke.Invokers$Holder.linkToTargetMethod(java.lang.Object, java.lang.Object, java.lang.Object, int, java.lang.Object, java.lang.Object)'> (0x00000000a3eab5a0) 
thrown [s\open\src\hotspot\share\interpreter\linkResolver.cpp, line 759]
Event: 131.434 Thread 0x0000022c67e2bd40 Exception <a 'java/lang/NoSuchMethodError'{0x00000000a3d1c188}: 'void java.lang.invoke.DirectMethodHandle$Holder.invokeStaticInit(java.lang.Object)'> (0x00000000a3d1c188) 
thrown [s\open\src\hotspot\share\interpreter\linkResolver.cpp, line 759]
Event: 207.548 Thread 0x0000022c67e2aed0 Exception <a 'java/net/ConnectException'{0x00000000a6f65bf8}: Connection refused: no further information> (0x00000000a6f65bf8) 
thrown [s\open\src\hotspot\share\prims\jni.cpp, line 535]
Event: 207.611 Thread 0x0000022c67e2aed0 Exception <a 'java/lang/NoSuchMethodError'{0x00000000a6efa0c0}: 'java.lang.Object java.lang.invoke.DirectMethodHandle$Holder.newInvokeSpecial(java.lang.Object, java.lang.Object, java.lang.Object, java.lang.Object, java.lang.Object, java.lang.Object, java.lang.Object)'> (0x00000000a6efa0c0) 
thrown [s\open\src\hotspot\share\interpreter\linkResolver.cpp, line 759]
Event: 207.640 Thread 0x0000022c67e2aed0 Exception <a 'java/lang/NoSuchMethodError'{0x00000000a4a8b978}: 'void java.lang.invoke.DirectMethodHandle$Holder.invokeSpecialIFC(java.lang.Object, java.lang.Object, java.lang.Object, java.lang.Object)'> (0x00000000a4a8b978) 
thrown [s\open\src\hotspot\share\interpreter\linkResolver.cpp, line 759]
Event: 207.652 Thread 0x0000022c67e2aed0 Exception <a 'java/lang/NoSuchMethodError'{0x00000000a4ac0e10}: 'java.lang.Object java.lang.invoke.Invokers$Holder.invoke_MT(java.lang.Object, java.lang.Object, java.lang.Object, java.lang.Object, java.lang.Object)'> (0x00000000a4ac0e10) 
thrown [s\open\src\hotspot\share\interpreter\linkResolver.cpp, line 759]
Event: 207.652 Thread 0x0000022c67e2aed0 Exception <a 'java/lang/NoSuchMethodError'{0x00000000a4ac4cf8}: 'void java.lang.invoke.Invokers$Holder.invokeExact_MT(java.lang.Object, java.lang.Object, java.lang.Object)'> (0x00000000a4ac4cf8) 
thrown [s\open\src\hotspot\share\interpreter\linkResolver.cpp, line 759]
Event: 207.829 Thread 0x0000022c67e2aed0 Exception <a 'java/net/ConnectException'{0x00000000a4adec58}: Connection refused: no further information> (0x00000000a4adec58) 
thrown [s\open\src\hotspot\share\prims\jni.cpp, line 535]
Event: 208.929 Thread 0x0000022c67e2aed0 Exception <a 'java/lang/NoSuchMethodError'{0x00000000a491c7c8}: 'void java.lang.invoke.DirectMethodHandle$Holder.invokeSpecial(java.lang.Object, java.lang.Object, long)'> (0x00000000a491c7c8) 
thrown [s\open\src\hotspot\share\interpreter\linkResolver.cpp, line 759]
Event: 494.665 Thread 0x0000022c67e2cbb0 Exception <a 'java/net/ConnectException'{0x00000000a4105c00}: Connection refused: no further information> (0x00000000a4105c00) 
thrown [s\open\src\hotspot\share\prims\jni.cpp, line 535]
Event: 526.800 Thread 0x0000022c67e2bd40 Exception <a 'java/net/ConnectException'{0x00000000a49df610}: Connection refused: no further information> (0x00000000a49df610) 
thrown [s\open\src\hotspot\share\prims\jni.cpp, line 535]
Event: 662.165 Thread 0x0000022c67e2aed0 Exception <a 'java/net/ConnectException'{0x00000000a7144298}: Connection refused: no further information> (0x00000000a7144298) 
thrown [s\open\src\hotspot\share\prims\jni.cpp, line 535]
Event: 983.359 Thread 0x0000022c67e2cbb0 Exception <a 'java/net/ConnectException'{0x00000000a456ed88}: Connection refused: no further information> (0x00000000a456ed88) 
thrown [s\open\src\hotspot\share\prims\jni.cpp, line 535]
Event: 1564.593 Thread 0x0000022c67e2aa00 Exception <a 'java/net/ConnectException'{0x00000000a498b408}: Connection refused: no further information> (0x00000000a498b408) 
thrown [s\open\src\hotspot\share\prims\jni.cpp, line 535]
Event: 1616.344 Thread 0x0000022c67e2aa00 Implicit null exception at 0x0000022c569aac66 to 0x0000022c569ab164
Event: 1736.394 Thread 0x0000022c67e2aa00 Implicit null exception at 0x0000022c56e7a757 to 0x0000022c56e7df80
Event: 1736.396 Thread 0x0000022c67e2aa00 Implicit null exception at 0x0000022c56e7a757 to 0x0000022c56e7df80
Event: 1736.398 Thread 0x0000022c67e2cbb0 Implicit null exception at 0x0000022c56e7a757 to 0x0000022c56e7df80
Event: 1736.399 Thread 0x0000022c67e2bd40 Implicit null exception at 0x0000022c56e7a757 to 0x0000022c56e7df80
Event: 1738.535 Thread 0x0000022c67e2aa00 Implicit null exception at 0x0000022c56cd1270 to 0x0000022c56cd228c

VM Operations (20 events):
Event: 2696.227 Executing VM operation: Cleanup
Event: 2696.227 Executing VM operation: Cleanup done
Event: 2697.238 Executing VM operation: Cleanup
Event: 2697.238 Executing VM operation: Cleanup done
Event: 2698.246 Executing VM operation: Cleanup
Event: 2698.246 Executing VM operation: Cleanup done
Event: 2699.124 Executing VM operation: G1CollectForAllocation
Event: 2699.133 Executing VM operation: G1CollectForAllocation done
Event: 2701.154 Executing VM operation: Cleanup
Event: 2701.154 Executing VM operation: Cleanup done
Event: 2703.162 Executing VM operation: Cleanup
Event: 2703.162 Executing VM operation: Cleanup done
Event: 2704.172 Executing VM operation: Cleanup
Event: 2704.172 Executing VM operation: Cleanup done
Event: 2705.177 Executing VM operation: Cleanup
Event: 2705.177 Executing VM operation: Cleanup done
Event: 2706.192 Executing VM operation: Cleanup
Event: 2706.192 Executing VM operation: Cleanup done
Event: 2707.201 Executing VM operation: Cleanup
Event: 2707.201 Executing VM operation: Cleanup done

Events (20 events):
Event: 1819.923 Thread 0x0000022c6398a930 flushing nmethod 0x0000022c4fa17a90
Event: 1819.923 Thread 0x0000022c6398a930 flushing nmethod 0x0000022c4fa1b410
Event: 1819.926 Thread 0x0000022c6398a930 flushing nmethod 0x0000022c4fa65d90
Event: 1819.926 Thread 0x0000022c6398a930 flushing nmethod 0x0000022c4fa69d10
Event: 1819.934 Thread 0x0000022c6398a930 flushing nmethod 0x0000022c4faa2e10
Event: 1819.940 Thread 0x0000022c6398a930 flushing nmethod 0x0000022c4fad7210
Event: 1819.940 Thread 0x0000022c6398a930 flushing nmethod 0x0000022c4fad9110
Event: 1819.947 Thread 0x0000022c6398a930 flushing nmethod 0x0000022c4faf4790
Event: 1819.947 Thread 0x0000022c6398a930 flushing nmethod 0x0000022c4faf8390
Event: 1819.948 Thread 0x0000022c6398a930 flushing nmethod 0x0000022c4fb0a210
Event: 1819.952 Thread 0x0000022c6398a930 flushing nmethod 0x0000022c4fb28410
Event: 1819.952 Thread 0x0000022c6398a930 flushing nmethod 0x0000022c4fb2fb90
Event: 1819.952 Thread 0x0000022c6398a930 flushing nmethod 0x0000022c4fb30110
Event: 1819.953 Thread 0x0000022c6398a930 flushing nmethod 0x0000022c4fb41010
Event: 1819.957 Thread 0x0000022c6398a930 flushing nmethod 0x0000022c4fb63490
Event: 1819.960 Thread 0x0000022c6398a930 flushing nmethod 0x0000022c4fb7ea10
Event: 1819.960 Thread 0x0000022c6398a930 flushing nmethod 0x0000022c4fb82c90
Event: 1819.994 Thread 0x0000022c6398a930 flushing nmethod 0x0000022c4fd98810
Event: 2686.213 Thread 0x0000022c67f11020 Thread added: 0x0000022c67f11020
Event: 2686.905 Thread 0x0000022c67f11020 Thread exited: 0x0000022c67f11020


Dynamic libraries:
0x00007ff67feb0000 - 0x00007ff67fec0000 	C:\Program Files\Java\jdk-17\bin\java.exe
0x00007ff898970000 - 0x00007ff898b68000 	C:\WINDOWS\SYSTEM32\ntdll.dll
0x00007ff896f10000 - 0x00007ff896fcf000 	C:\WINDOWS\System32\KERNEL32.DLL
0x00007ff896100000 - 0x00007ff8963f6000 	C:\WINDOWS\System32\KERNELBASE.dll
0x00007ff8964c0000 - 0x00007ff8965c0000 	C:\WINDOWS\System32\ucrtbase.dll
0x00007ff891bc0000 - 0x00007ff891bd8000 	C:\Program Files\Java\jdk-17\bin\jli.dll
0x00007ff896c40000 - 0x00007ff896cef000 	C:\WINDOWS\System32\ADVAPI32.dll
0x00007ff897350000 - 0x00007ff8973ee000 	C:\WINDOWS\System32\msvcrt.dll
0x00007ff8972a0000 - 0x00007ff89733c000 	C:\WINDOWS\System32\sechost.dll
0x00007ff897860000 - 0x00007ff897986000 	C:\WINDOWS\System32\RPCRT4.dll
0x00007ff8969d0000 - 0x00007ff896b6d000 	C:\WINDOWS\System32\USER32.dll
0x00007ff896490000 - 0x00007ff8964b2000 	C:\WINDOWS\System32\win32u.dll
0x00007ff897830000 - 0x00007ff89785c000 	C:\WINDOWS\System32\GDI32.dll
0x00007ff896660000 - 0x00007ff896775000 	C:\WINDOWS\System32\gdi32full.dll
0x00007ff8965c0000 - 0x00007ff89665d000 	C:\WINDOWS\System32\msvcp_win.dll
0x00007ff872b40000 - 0x00007ff872b5b000 	C:\Program Files\Java\jdk-17\bin\VCRUNTIME140.dll
0x00007ff88a780000 - 0x00007ff88a78a000 	C:\WINDOWS\SYSTEM32\VERSION.dll
0x00007ff8854e0000 - 0x00007ff88577a000 	C:\WINDOWS\WinSxS\amd64_microsoft.windows.common-controls_6595b64144ccf1df_6.0.19041.1110_none_60b5254171f9507e\COMCTL32.dll
0x00007ff896e50000 - 0x00007ff896e80000 	C:\WINDOWS\System32\IMM32.DLL
0x00007ff8726b0000 - 0x00007ff8726bc000 	C:\Program Files\Java\jdk-17\bin\vcruntime140_1.dll
0x00007ff827d70000 - 0x00007ff827dfe000 	C:\Program Files\Java\jdk-17\bin\msvcp140.dll
0x00007ff827190000 - 0x00007ff827d67000 	C:\Program Files\Java\jdk-17\bin\server\jvm.dll
0x00007ff897340000 - 0x00007ff897348000 	C:\WINDOWS\System32\PSAPI.DLL
0x00007ff87fd90000 - 0x00007ff87fd99000 	C:\WINDOWS\SYSTEM32\WSOCK32.dll
0x00007ff897f50000 - 0x00007ff897fbb000 	C:\WINDOWS\System32\WS2_32.dll
0x00007ff887000000 - 0x00007ff887027000 	C:\WINDOWS\SYSTEM32\WINMM.dll
0x00007ff893ef0000 - 0x00007ff893f02000 	C:\WINDOWS\SYSTEM32\kernel.appcore.dll
0x00007ff8726a0000 - 0x00007ff8726aa000 	C:\Program Files\Java\jdk-17\bin\jimage.dll
0x00007ff891880000 - 0x00007ff891a64000 	C:\WINDOWS\SYSTEM32\DBGHELP.DLL
0x00007ff891840000 - 0x00007ff891874000 	C:\WINDOWS\SYSTEM32\dbgcore.DLL
0x00007ff896400000 - 0x00007ff896482000 	C:\WINDOWS\System32\bcryptPrimitives.dll
0x00007ff8913f0000 - 0x00007ff8913fe000 	C:\Program Files\Java\jdk-17\bin\instrument.dll
0x00007ff872670000 - 0x00007ff872695000 	C:\Program Files\Java\jdk-17\bin\java.dll
0x00007ff8270b0000 - 0x00007ff827187000 	C:\Program Files\Java\jdk-17\bin\jsvml.dll
0x00007ff8981e0000 - 0x00007ff898924000 	C:\WINDOWS\System32\SHELL32.dll
0x00007ff8940f0000 - 0x00007ff894883000 	C:\WINDOWS\SYSTEM32\windows.storage.dll
0x00007ff8973f0000 - 0x00007ff897744000 	C:\WINDOWS\System32\combase.dll
0x00007ff895a90000 - 0x00007ff895abe000 	C:\WINDOWS\SYSTEM32\Wldp.dll
0x00007ff896cf0000 - 0x00007ff896d9d000 	C:\WINDOWS\System32\SHCORE.dll
0x00007ff896eb0000 - 0x00007ff896f05000 	C:\WINDOWS\System32\shlwapi.dll
0x00007ff895f80000 - 0x00007ff895fa5000 	C:\WINDOWS\SYSTEM32\profapi.dll
0x00007ff827050000 - 0x00007ff827068000 	C:\Program Files\Java\jdk-17\bin\zip.dll
0x00007ff827090000 - 0x00007ff8270a9000 	C:\Program Files\Java\jdk-17\bin\net.dll
0x00007ff88a120000 - 0x00007ff88a22a000 	C:\WINDOWS\SYSTEM32\WINHTTP.dll
0x00007ff8957f0000 - 0x00007ff89585a000 	C:\WINDOWS\system32\mswsock.dll
0x00007ff827070000 - 0x00007ff827086000 	C:\Program Files\Java\jdk-17\bin\nio.dll
0x00007ff88f1d0000 - 0x00007ff88f1ea000 	C:\Program Files\JetBrains\IntelliJ IDEA Community Edition 2022.3.3\bin\breakgen64.dll
0x00007ff895490000 - 0x00007ff8954cb000 	C:\WINDOWS\SYSTEM32\IPHLPAPI.DLL
0x00007ff897990000 - 0x00007ff897998000 	C:\WINDOWS\System32\NSI.dll
0x00007ff88a820000 - 0x00007ff88a837000 	C:\WINDOWS\SYSTEM32\dhcpcsvc6.DLL
0x00007ff88ac00000 - 0x00007ff88ac1d000 	C:\WINDOWS\SYSTEM32\dhcpcsvc.DLL
0x00007ff8954e0000 - 0x00007ff8955aa000 	C:\WINDOWS\SYSTEM32\DNSAPI.dll
0x00007ff883d20000 - 0x00007ff883d2a000 	C:\Windows\System32\rasadhlp.dll
0x00007ff884310000 - 0x00007ff884392000 	C:\WINDOWS\System32\fwpuclnt.dll
0x00007ff896780000 - 0x00007ff8967a7000 	C:\WINDOWS\System32\bcrypt.dll
0x00007ff826ff0000 - 0x00007ff827000000 	C:\Program Files\Java\jdk-17\bin\verify.dll
0x00007ff88f530000 - 0x00007ff88f53a000 	C:\Program Files\Java\jdk-17\bin\management.dll
0x00007ff88f370000 - 0x00007ff88f37b000 	C:\Program Files\Java\jdk-17\bin\management_ext.dll
0x00007ff8959e0000 - 0x00007ff8959f8000 	C:\WINDOWS\SYSTEM32\CRYPTSP.dll
0x00007ff895090000 - 0x00007ff8950c4000 	C:\WINDOWS\system32\rsaenh.dll
0x00007ff895f00000 - 0x00007ff895f2e000 	C:\WINDOWS\SYSTEM32\USERENV.dll
0x00007ff895a00000 - 0x00007ff895a0c000 	C:\WINDOWS\SYSTEM32\CRYPTBASE.dll
0x00007ff88f540000 - 0x00007ff88f54d000 	C:\Program Files\Java\jdk-17\bin\sunmscapi.dll
0x00007ff8967b0000 - 0x00007ff89690e000 	C:\WINDOWS\System32\CRYPT32.dll
0x00007ff895b00000 - 0x00007ff895b28000 	C:\WINDOWS\SYSTEM32\ncrypt.dll
0x00007ff895ac0000 - 0x00007ff895afb000 	C:\WINDOWS\SYSTEM32\NTASN1.dll
0x00007ff871ec0000 - 0x00007ff871ec7000 	C:\WINDOWS\system32\wshunix.dll
0x00007ff880b80000 - 0x00007ff880b97000 	C:\WINDOWS\system32\napinsp.dll
0x00007ff880b20000 - 0x00007ff880b3b000 	C:\WINDOWS\system32\pnrpnsp.dll
0x00007ff890920000 - 0x00007ff890935000 	C:\WINDOWS\system32\wshbth.dll
0x00007ff8910d0000 - 0x00007ff8910ed000 	C:\WINDOWS\system32\NLAapi.dll
0x00007ff880990000 - 0x00007ff8809a2000 	C:\WINDOWS\System32\winrnr.dll

dbghelp: loaded successfully - version: 4.0.5 - missing functions: none
symbol engine: initialized successfully - sym options: 0x614 - pdb path: .;C:\Program Files\Java\jdk-17\bin;C:\WINDOWS\SYSTEM32;C:\WINDOWS\WinSxS\amd64_microsoft.windows.common-controls_6595b64144ccf1df_6.0.19041.1110_none_60b5254171f9507e;C:\Program Files\Java\jdk-17\bin\server;C:\Program Files\JetBrains\IntelliJ IDEA Community Edition 2022.3.3\bin

VM Arguments:
jvm_args: -javaagent:C:\Program Files\JetBrains\IntelliJ IDEA Community Edition 2022.3.3\lib\idea_rt.jar=65442:C:\Program Files\JetBrains\IntelliJ IDEA Community Edition 2022.3.3\bin -Dfile.encoding=UTF-8 
java_command: com.insy2s.GatewayServise.GatewayServiceApplication
java_class_path (initial): C:\Users\wissem\Desktop\back\e-learning-back\GatewayService\target\classes;C:\Users\wissem\.m2\repository\org\springframework\cloud\spring-cloud-starter-netflix-eureka-client\4.0.0\spring-cloud-starter-netflix-eureka-client-4.0.0.jar;C:\Users\wissem\.m2\repository\org\springframework\cloud\spring-cloud-starter\4.0.1\spring-cloud-starter-4.0.1.jar;C:\Users\wissem\.m2\repository\org\springframework\security\spring-security-rsa\1.0.11.RELEASE\spring-security-rsa-1.0.11.RELEASE.jar;C:\Users\wissem\.m2\repository\org\bouncycastle\bcpkix-jdk15on\1.69\bcpkix-jdk15on-1.69.jar;C:\Users\wissem\.m2\repository\org\bouncycastle\bcprov-jdk15on\1.69\bcprov-jdk15on-1.69.jar;C:\Users\wissem\.m2\repository\org\bouncycastle\bcutil-jdk15on\1.69\bcutil-jdk15on-1.69.jar;C:\Users\wissem\.m2\repository\org\springframework\cloud\spring-cloud-netflix-eureka-client\4.0.0\spring-cloud-netflix-eureka-client-4.0.0.jar;C:\Users\wissem\.m2\repository\com\netflix\eureka\eureka-client\2.0.0\eureka-client-2.0.0.jar;C:\Users\wissem\.m2\repository\com\netflix\netflix-commons\netflix-eventbus\0.3.0\netflix-eventbus-0.3.0.jar;C:\Users\wissem\.m2\repository\com\netflix\netflix-commons\netflix-infix\0.3.0\netflix-infix-0.3.0.jar;C:\Users\wissem\.m2\repository\commons-jxpath\commons-jxpath\1.3\commons-jxpath-1.3.jar;C:\Users\wissem\.m2\repository\joda-time\joda-time\2.3\joda-time-2.3.jar;C:\Users\wissem\.m2\repository\org\antlr\antlr-runtime\3.4\antlr-runtime-3.4.jar;C:\Users\wissem\.m2\repository\org\antlr\stringtemplate\3.2.1\stringtemplate-3.2.1.jar;C:\Users\wissem\.m2\repository\antlr\antlr\2.7.7\antlr-2.7.7.jar;C:\Users\wissem\.m2\repository\com\google\code\gson\gson\2.9.1\gson-2.9.1.jar;C:\Users\wissem\.m2\repository\org\apache\commons\commons-math\2.2\commons-math-2.2.jar;C:\Users\wissem\.m2\repository\com\thoughtworks\xstream\xstream\1.4.19\xstream-1.4.19.jar;C:\Users\wissem\.m2\repository\io\github\x-stream\mxparser\1.2.2\mxparser-1.2.2.jar;C:\Users\wissem\.m2\repositor
Launcher Type: SUN_STANDARD

[Global flags]
     intx CICompilerCount                          = 3                                         {product} {ergonomic}
     uint ConcGCThreads                            = 1                                         {product} {ergonomic}
     uint G1ConcRefinementThreads                  = 4                                         {product} {ergonomic}
   size_t G1HeapRegionSize                         = 1048576                                   {product} {ergonomic}
    uintx GCDrainStackTargetSize                   = 64                                        {product} {ergonomic}
   size_t InitialHeapSize                          = 100663296                                 {product} {ergonomic}
   size_t MarkStackSize                            = 4194304                                   {product} {ergonomic}
   size_t MaxHeapSize                              = 1587544064                                {product} {ergonomic}
   size_t MaxNewSize                               = 952107008                                 {product} {ergonomic}
   size_t MinHeapDeltaBytes                        = 1048576                                   {product} {ergonomic}
   size_t MinHeapSize                              = 8388608                                   {product} {ergonomic}
    uintx NonNMethodCodeHeapSize                   = 5832780                                {pd product} {ergonomic}
    uintx NonProfiledCodeHeapSize                  = 122912730                              {pd product} {ergonomic}
    uintx ProfiledCodeHeapSize                     = 122912730                              {pd product} {ergonomic}
    uintx ReservedCodeCacheSize                    = 251658240                              {pd product} {ergonomic}
     bool SegmentedCodeCache                       = true                                      {product} {ergonomic}
   size_t SoftMaxHeapSize                          = 1587544064                             {manageable} {ergonomic}
     bool UseCompressedClassPointers               = true                           {product lp64_product} {ergonomic}
     bool UseCompressedOops                        = true                           {product lp64_product} {ergonomic}
     bool UseG1GC                                  = true                                      {product} {ergonomic}
     bool UseLargePagesIndividualAllocation        = false                                  {pd product} {ergonomic}

Logging:
Log output configuration:
 #0: stdout all=warning uptime,level,tags
 #1: stderr all=off uptime,level,tags

Environment Variables:
PATH=C:\Program Files\Common Files\Oracle\Java\javapath;C:\WINDOWS\system32;C:\WINDOWS;C:\WINDOWS\System32\Wbem;C:\WINDOWS\System32\WindowsPowerShell\v1.0\;C:\WINDOWS\System32\OpenSSH\;C:\Program Files\nodejs\;C:\Program Files\Git\cmd;C:\Users\wissem\AppData\Local\Microsoft\WindowsApps;C:\Users\wissem\AppData\Local\Programs\Microsoft VS Code\bin;C:\Users\wissem\AppData\Roaming\npm;C:\Program Files\JetBrains\WebStorm 2023.1\bin
USERNAME=wissem
OS=Windows_NT
PROCESSOR_IDENTIFIER=Intel64 Family 6 Model 61 Stepping 4, GenuineIntel



---------------  S Y S T E M  ---------------

OS:
 Windows 10 , 64 bit Build 19041 (10.0.19041.3155)
OS uptime: 2 days 0:44 hours

CPU: total 4 (initial active 4) (2 cores per cpu, 2 threads per core) family 6 model 61 stepping 4 microcode 0x2d, cx8, cmov, fxsr, ht, mmx, 3dnowpref, sse, sse2, sse3, ssse3, sse4.1, sse4.2, popcnt, lzcnt, tsc, tscinvbit, avx, avx2, aes, erms, clmul, bmi1, bmi2, adx, fma, vzeroupper, clflush

Memory: 4k page, system-wide physical 6053M (506M free)
TotalPageFile size 24485M (AvailPageFile size 2M)
current process WorkingSet (physical memory assigned to process): 116M, peak: 222M
current process commit charge ("private bytes"): 284M, peak: 300M

vm_info: Java HotSpot(TM) 64-Bit Server VM (17.0.6+9-LTS-190) for windows-amd64 JRE (17.0.6+9-LTS-190), built on Dec  6 2022 15:53:54 by "mach5one" with MS VC++ 17.1 (VS2022)

END.
